{ "/Users/apple/Desktop/workspace/rudder-transformer/src/constants/destinationCanonicalNames.js": { "path": "/Users/apple/Desktop/workspace/rudder-transformer/src/constants/destinationCanonicalNames.js", "statementMap": { "0": { "start": { "line": 1, "column": 23 }, "end": { "line": 3, "column": 1 } }, "1": { "start": { "line": 5, "column": 27 }, "end": { "line": 126, "column": 1 } }, "2": { "start": { "line": 128, "column": 0 }, "end": { "line": 128, "column": 56 } } }, "fnMap": {}, "branchMap": {}, "s": { "0": 1, "1": 1, "2": 1 }, "f": {}, "b": {}, "_coverageSchema": "1a1c01bbd47fc00a2c39e90264f33305004495a9", "hash": "9525053357e1d83a3bc1e833843664917ca4b6f9" },
    "/Users/apple/Desktop/workspace/rudder-transformer/src/constants/index.js": { "path": "/Users/apple/Desktop/workspace/rudder-transformer/src/constants/index.js", "statementMap": { "0": { "start": { "line": 1, "column": 18 }, "end": { "line": 9, "column": 1 } }, "1": { "start": { "line": 11, "column": 16 }, "end": { "line": 17, "column": 1 } }, "2": { "start": { "line": 19, "column": 22 }, "end": { "line": 21, "column": 1 } }, "3": { "start": { "line": 23, "column": 21 }, "end": { "line": 23, "column": 32 } }, "4": { "start": { "line": 25, "column": 26 }, "end": { "line": 46, "column": 1 } }, "5": { "start": { "line": 48, "column": 31 }, "end": { "line": 48, "column": 60 } }, "6": { "start": { "line": 50, "column": 28 }, "end": { "line": 50, "column": 67 } }, "7": { "start": { "line": 51, "column": 29 }, "end": { "line": 51, "column": 71 } }, "8": { "start": { "line": 53, "column": 0 }, "end": { "line": 61, "column": 2 } } }, "fnMap": {}, "branchMap": {}, "s": { "0": 1, "1": 1, "2": 1, "3": 1, "4": 1, "5": 1, "6": 1, "7": 1, "8": 1 }, "f": {}, "b": {}, "_coverageSchema": "1a1c01bbd47fc00a2c39e90264f33305004495a9", "hash": "ddf01309f086fda7c384b67b34c21e7f02443ebf" },
    "/Users/apple/Desktop/workspace/rudder-transformer/src/util/prometheus.js": { "path": "/Users/apple/Desktop/workspace/rudder-transformer/src/util/prometheus.js", "statementMap": { "0": { "start": { "line": 1, "column": 25 }, "end": { "line": 1, "column": 47 } }, "1": { "start": { "line": 2, "column": 15 }, "end": { "line": 2, "column": 35 } }, "2": { "start": { "line": 4, "column": 23 }, "end": { "line": 4, "column": 62 } }, "3": { "start": { "line": 5, "column": 19 }, "end": { "line": 5, "column": 57 } }, "4": { "start": { "line": 6, "column": 15 }, "end": { "line": 6, "column": 28 } }, "5": { "start": { "line": 7, "column": 22 }, "end": { "line": 7, "column": 50 } }, "6": { "start": { "line": 10, "column": 2 }, "end": { "line": 10, "column": 29 } }, "7": { "start": { "line": 15, "column": 4 }, "end": { "line": 15, "column": 62 } }, "8": { "start": { "line": 16, "column": 4 }, "end": { "line": 16, "column": 60 } }, "9": { "start": { "line": 17, "column": 4 }, "end": { "line": 19, "column": 7 } }, "10": { "start": { "line": 21, "column": 4 }, "end": { "line": 21, "column": 79 } }, "11": { "start": { "line": 22, "column": 4 }, "end": { "line": 22, "column": 72 } }, "12": { "start": { "line": 24, "column": 4 }, "end": { "line": 24, "column": 25 } }, "13": { "start": { "line": 28, "column": 4 }, "end": { "line": 28, "column": 21 } }, "14": { "start": { "line": 29, "column": 4 }, "end": { "line": 35, "column": 5 } }, "15": { "start": { "line": 30, "column": 6 }, "end": { "line": 30, "column": 53 } }, "16": { "start": { "line": 31, "column": 6 }, "end": { "line": 31, "column": 64 } }, "17": { "start": { "line": 33, "column": 6 }, "end": { "line": 33, "column": 53 } }, "18": { "start": { "line": 34, "column": 6 }, "end": { "line": 34, "column": 57 } }, "19": { "start": { "line": 36, "column": 4 }, "end": { "line": 36, "column": 20 } }, "20": { "start": { "line": 40, "column": 20 }, "end": { "line": 44, "column": 6 } }, "21": { "start": { "line": 45, "column": 4 }, "end": { "line": 45, "column": 52 } }, "22": { "start": { "line": 46, "column": 4 }, "end": { "line": 46, "column": 19 } }, "23": { "start": { "line": 50, "column": 18 }, "end": { "line": 54, "column": 6 } }, "24": { "start": { "line": 55, "column": 4 }, "end": { "line": 55, "column": 50 } }, "25": { "start": { "line": 56, "column": 4 }, "end": { "line": 56, "column": 17 } }, "26": { "start": { "line": 60, "column": 20 }, "end": { "line": 64, "column": 6 } }, "27": { "start": { "line": 65, "column": 4 }, "end": { "line": 65, "column": 52 } }, "28": { "start": { "line": 66, "column": 4 }, "end": { "line": 66, "column": 19 } }, "29": { "start": { "line": 70, "column": 22 }, "end": { "line": 74, "column": 6 } }, "30": { "start": { "line": 75, "column": 4 }, "end": { "line": 75, "column": 54 } }, "31": { "start": { "line": 76, "column": 4 }, "end": { "line": 76, "column": 21 } }, "32": { "start": { "line": 80, "column": 4 }, "end": { "line": 89, "column": 5 } }, "33": { "start": { "line": 81, "column": 21 }, "end": { "line": 81, "column": 80 } }, "34": { "start": { "line": 82, "column": 6 }, "end": { "line": 85, "column": 7 } }, "35": { "start": { "line": 83, "column": 8 }, "end": { "line": 83, "column": 84 } }, "36": { "start": { "line": 84, "column": 8 }, "end": { "line": 84, "column": 15 } }, "37": { "start": { "line": 86, "column": 6 }, "end": { "line": 86, "column": 56 } }, "38": { "start": { "line": 88, "column": 6 }, "end": { "line": 88, "column": 79 } }, "39": { "start": { "line": 93, "column": 4 }, "end": { "line": 102, "column": 5 } }, "40": { "start": { "line": 94, "column": 21 }, "end": { "line": 94, "column": 80 } }, "41": { "start": { "line": 95, "column": 6 }, "end": { "line": 98, "column": 7 } }, "42": { "start": { "line": 96, "column": 8 }, "end": { "line": 96, "column": 87 } }, "43": { "start": { "line": 97, "column": 8 }, "end": { "line": 97, "column": 15 } }, "44": { "start": { "line": 99, "column": 6 }, "end": { "line": 99, "column": 34 } }, "45": { "start": { "line": 101, "column": 6 }, "end": { "line": 101, "column": 82 } }, "46": { "start": { "line": 106, "column": 4 }, "end": { "line": 106, "column": 32 } }, "47": { "start": { "line": 110, "column": 4 }, "end": { "line": 119, "column": 5 } }, "48": { "start": { "line": 111, "column": 21 }, "end": { "line": 111, "column": 80 } }, "49": { "start": { "line": 112, "column": 6 }, "end": { "line": 115, "column": 7 } }, "50": { "start": { "line": 113, "column": 8 }, "end": { "line": 113, "column": 85 } }, "51": { "start": { "line": 114, "column": 8 }, "end": { "line": 114, "column": 15 } }, "52": { "start": { "line": 116, "column": 6 }, "end": { "line": 116, "column": 30 } }, "53": { "start": { "line": 118, "column": 6 }, "end": { "line": 118, "column": 97 } }, "54": { "start": { "line": 123, "column": 4 }, "end": { "line": 132, "column": 5 } }, "55": { "start": { "line": 124, "column": 21 }, "end": { "line": 124, "column": 80 } }, "56": { "start": { "line": 125, "column": 6 }, "end": { "line": 128, "column": 7 } }, "57": { "start": { "line": 126, "column": 8 }, "end": { "line": 126, "column": 83 } }, "58": { "start": { "line": 127, "column": 8 }, "end": { "line": 127, "column": 15 } }, "59": { "start": { "line": 129, "column": 6 }, "end": { "line": 129, "column": 30 } }, "60": { "start": { "line": 131, "column": 6 }, "end": { "line": 131, "column": 95 } }, "61": { "start": { "line": 136, "column": 20 }, "end": { "line": 636, "column": 5 } }, "62": { "start": { "line": 638, "column": 4 }, "end": { "line": 654, "column": 7 } }, "63": { "start": { "line": 639, "column": 6 }, "end": { "line": 653, "column": 7 } }, "64": { "start": { "line": 640, "column": 8 }, "end": { "line": 650, "column": 9 } }, "65": { "start": { "line": 641, "column": 10 }, "end": { "line": 641, "column": 89 } }, "66": { "start": { "line": 642, "column": 15 }, "end": { "line": 650, "column": 9 } }, "67": { "start": { "line": 643, "column": 10 }, "end": { "line": 643, "column": 87 } }, "68": { "start": { "line": 644, "column": 15 }, "end": { "line": 650, "column": 9 } }, "69": { "start": { "line": 645, "column": 10 }, "end": { "line": 645, "column": 91 } }, "70": { "start": { "line": 647, "column": 10 }, "end": { "line": 649, "column": 12 } }, "71": { "start": { "line": 652, "column": 8 }, "end": { "line": 652, "column": 93 } }, "72": { "start": { "line": 658, "column": 0 }, "end": { "line": 660, "column": 2 } } }, "fnMap": { "0": { "name": "appendPrefix", "decl": { "start": { "line": 9, "column": 9 }, "end": { "line": 9, "column": 21 } }, "loc": { "start": { "line": 9, "column": 28 }, "end": { "line": 11, "column": 1 } }, "line": 9 }, "1": { "name": "(anonymous_1)", "decl": { "start": { "line": 14, "column": 2 }, "end": { "line": 14, "column": 3 } }, "loc": { "start": { "line": 14, "column": 16 }, "end": { "line": 25, "column": 3 } }, "line": 14 }, "2": { "name": "(anonymous_2)", "decl": { "start": { "line": 27, "column": 2 }, "end": { "line": 27, "column": 3 } }, "loc": { "start": { "line": 27, "column": 31 }, "end": { "line": 37, "column": 3 } }, "line": 27 }, "3": { "name": "(anonymous_3)", "decl": { "start": { "line": 39, "column": 2 }, "end": { "line": 39, "column": 3 } }, "loc": { "start": { "line": 39, "column": 41 }, "end": { "line": 47, "column": 3 } }, "line": 39 }, "4": { "name": "(anonymous_4)", "decl": { "start": { "line": 49, "column": 2 }, "end": { "line": 49, "column": 3 } }, "loc": { "start": { "line": 49, "column": 39 }, "end": { "line": 57, "column": 3 } }, "line": 49 }, "5": { "name": "(anonymous_5)", "decl": { "start": { "line": 59, "column": 2 }, "end": { "line": 59, "column": 3 } }, "loc": { "start": { "line": 59, "column": 41 }, "end": { "line": 67, "column": 3 } }, "line": 59 }, "6": { "name": "(anonymous_6)", "decl": { "start": { "line": 69, "column": 2 }, "end": { "line": 69, "column": 3 } }, "loc": { "start": { "line": 69, "column": 43 }, "end": { "line": 77, "column": 3 } }, "line": 69 }, "7": { "name": "(anonymous_7)", "decl": { "start": { "line": 79, "column": 2 }, "end": { "line": 79, "column": 3 } }, "loc": { "start": { "line": 79, "column": 33 }, "end": { "line": 90, "column": 3 } }, "line": 79 }, "8": { "name": "(anonymous_8)", "decl": { "start": { "line": 92, "column": 2 }, "end": { "line": 92, "column": 3 } }, "loc": { "start": { "line": 92, "column": 36 }, "end": { "line": 103, "column": 3 } }, "line": 92 }, "9": { "name": "(anonymous_9)", "decl": { "start": { "line": 105, "column": 2 }, "end": { "line": 105, "column": 3 } }, "loc": { "start": { "line": 105, "column": 29 }, "end": { "line": 107, "column": 3 } }, "line": 105 }, "10": { "name": "(anonymous_10)", "decl": { "start": { "line": 109, "column": 2 }, "end": { "line": 109, "column": 3 } }, "loc": { "start": { "line": 109, "column": 34 }, "end": { "line": 120, "column": 3 } }, "line": 109 }, "11": { "name": "(anonymous_11)", "decl": { "start": { "line": 122, "column": 2 }, "end": { "line": 122, "column": 3 } }, "loc": { "start": { "line": 122, "column": 32 }, "end": { "line": 133, "column": 3 } }, "line": 122 }, "12": { "name": "(anonymous_12)", "decl": { "start": { "line": 135, "column": 2 }, "end": { "line": 135, "column": 3 } }, "loc": { "start": { "line": 135, "column": 18 }, "end": { "line": 655, "column": 3 } }, "line": 135 }, "13": { "name": "(anonymous_13)", "decl": { "start": { "line": 638, "column": 20 }, "end": { "line": 638, "column": 21 } }, "loc": { "start": { "line": 638, "column": 32 }, "end": { "line": 654, "column": 5 } }, "line": 638 } }, "branchMap": { "0": { "loc": { "start": { "line": 5, "column": 19 }, "end": { "line": 5, "column": 57 } }, "type": "binary-expr", "locations": [{ "start": { "line": 5, "column": 19 }, "end": { "line": 5, "column": 42 } }, { "start": { "line": 5, "column": 46 }, "end": { "line": 5, "column": 57 } }], "line": 5 }, "1": { "loc": { "start": { "line": 29, "column": 4 }, "end": { "line": 35, "column": 5 } }, "type": "if", "locations": [{ "start": { "line": 29, "column": 4 }, "end": { "line": 35, "column": 5 } }, { "start": { "line": 32, "column": 11 }, "end": { "line": 35, "column": 5 } }], "line": 29 }, "2": { "loc": { "start": { "line": 79, "column": 22 }, "end": { "line": 79, "column": 31 } }, "type": "default-arg", "locations": [{ "start": { "line": 79, "column": 29 }, "end": { "line": 79, "column": 31 } }], "line": 79 }, "3": { "loc": { "start": { "line": 82, "column": 6 }, "end": { "line": 85, "column": 7 } }, "type": "if", "locations": [{ "start": { "line": 82, "column": 6 }, "end": { "line": 85, "column": 7 } }, { "start": {}, "end": {} }], "line": 82 }, "4": { "loc": { "start": { "line": 92, "column": 25 }, "end": { "line": 92, "column": 34 } }, "type": "default-arg", "locations": [{ "start": { "line": 92, "column": 32 }, "end": { "line": 92, "column": 34 } }], "line": 92 }, "5": { "loc": { "start": { "line": 95, "column": 6 }, "end": { "line": 98, "column": 7 } }, "type": "if", "locations": [{ "start": { "line": 95, "column": 6 }, "end": { "line": 98, "column": 7 } }, { "start": {}, "end": {} }], "line": 95 }, "6": { "loc": { "start": { "line": 105, "column": 18 }, "end": { "line": 105, "column": 27 } }, "type": "default-arg", "locations": [{ "start": { "line": 105, "column": 25 }, "end": { "line": 105, "column": 27 } }], "line": 105 }, "7": { "loc": { "start": { "line": 109, "column": 23 }, "end": { "line": 109, "column": 32 } }, "type": "default-arg", "locations": [{ "start": { "line": 109, "column": 30 }, "end": { "line": 109, "column": 32 } }], "line": 109 }, "8": { "loc": { "start": { "line": 112, "column": 6 }, "end": { "line": 115, "column": 7 } }, "type": "if", "locations": [{ "start": { "line": 112, "column": 6 }, "end": { "line": 115, "column": 7 } }, { "start": {}, "end": {} }], "line": 112 }, "9": { "loc": { "start": { "line": 122, "column": 21 }, "end": { "line": 122, "column": 30 } }, "type": "default-arg", "locations": [{ "start": { "line": 122, "column": 28 }, "end": { "line": 122, "column": 30 } }], "line": 122 }, "10": { "loc": { "start": { "line": 125, "column": 6 }, "end": { "line": 128, "column": 7 } }, "type": "if", "locations": [{ "start": { "line": 125, "column": 6 }, "end": { "line": 128, "column": 7 } }, { "start": {}, "end": {} }], "line": 125 }, "11": { "loc": { "start": { "line": 640, "column": 8 }, "end": { "line": 650, "column": 9 } }, "type": "if", "locations": [{ "start": { "line": 640, "column": 8 }, "end": { "line": 650, "column": 9 } }, { "start": { "line": 642, "column": 15 }, "end": { "line": 650, "column": 9 } }], "line": 640 }, "12": { "loc": { "start": { "line": 642, "column": 15 }, "end": { "line": 650, "column": 9 } }, "type": "if", "locations": [{ "start": { "line": 642, "column": 15 }, "end": { "line": 650, "column": 9 } }, { "start": { "line": 644, "column": 15 }, "end": { "line": 650, "column": 9 } }], "line": 642 }, "13": { "loc": { "start": { "line": 644, "column": 15 }, "end": { "line": 650, "column": 9 } }, "type": "if", "locations": [{ "start": { "line": 644, "column": 15 }, "end": { "line": 650, "column": 9 } }, { "start": { "line": 646, "column": 15 }, "end": { "line": 650, "column": 9 } }], "line": 644 } }, "s": { "0": 1, "1": 1, "2": 1, "3": 1, "4": 1, "5": 1, "6": 0, "7": 0, "8": 0, "9": 0, "10": 0, "11": 0, "12": 0, "13": 0, "14": 0, "15": 0, "16": 0, "17": 0, "18": 0, "19": 0, "20": 0, "21": 0, "22": 0, "23": 0, "24": 0, "25": 0, "26": 0, "27": 0, "28": 0, "29": 0, "30": 0, "31": 0, "32": 0, "33": 0, "34": 0, "35": 0, "36": 0, "37": 0, "38": 0, "39": 0, "40": 0, "41": 0, "42": 0, "43": 0, "44": 0, "45": 0, "46": 0, "47": 0, "48": 0, "49": 0, "50": 0, "51": 0, "52": 0, "53": 0, "54": 0, "55": 0, "56": 0, "57": 0, "58": 0, "59": 0, "60": 0, "61": 0, "62": 0, "63": 0, "64": 0, "65": 0, "66": 0, "67": 0, "68": 0, "69": 0, "70": 0, "71": 0, "72": 1 }, "f": { "0": 0, "1": 0, "2": 0, "3": 0, "4": 0, "5": 0, "6": 0, "7": 0, "8": 0, "9": 0, "10": 0, "11": 0, "12": 0, "13": 0 }, "b": { "0": [1, 1], "1": [0, 0], "2": [0], "3": [0, 0], "4": [0], "5": [0, 0], "6": [0], "7": [0], "8": [0, 0], "9": [0], "10": [0, 0], "11": [0, 0], "12": [0, 0], "13": [0, 0] }, "_coverageSchema": "1a1c01bbd47fc00a2c39e90264f33305004495a9", "hash": "e12a573b3b2e386d35f9382b98437da8ec58574e" },
    "/Users/apple/Desktop/workspace/rudder-transformer/src/util/redisConnector.js": { "path": "/Users/apple/Desktop/workspace/rudder-transformer/src/util/redisConnector.js", "statementMap": { "0": { "start": { "line": 1, "column": 14 }, "end": { "line": 1, "column": 32 } }, "1": { "start": { "line": 2, "column": 23 }, "end": { "line": 2, "column": 55 } }, "2": { "start": { "line": 3, "column": 12 }, "end": { "line": 3, "column": 32 } }, "3": { "start": { "line": 4, "column": 14 }, "end": { "line": 4, "column": 32 } }, "4": { "start": { "line": 6, "column": 23 }, "end": { "line": 11, "column": 2 } }, "5": { "start": { "line": 7, "column": 2 }, "end": { "line": 10, "column": 4 } }, "6": { "start": { "line": 8, "column": 10 }, "end": { "line": 8, "column": 19 } }, "7": { "start": { "line": 13, "column": 16 }, "end": { "line": 104, "column": 1 } }, "8": { "start": { "line": 15, "column": 4 }, "end": { "line": 40, "column": 5 } }, "9": { "start": { "line": 16, "column": 6 }, "end": { "line": 16, "column": 56 } }, "10": { "start": { "line": 17, "column": 6 }, "end": { "line": 17, "column": 63 } }, "11": { "start": { "line": 18, "column": 6 }, "end": { "line": 18, "column": 49 } }, "12": { "start": { "line": 19, "column": 6 }, "end": { "line": 19, "column": 74 } }, "13": { "start": { "line": 20, "column": 6 }, "end": { "line": 20, "column": 89 } }, "14": { "start": { "line": 21, "column": 6 }, "end": { "line": 33, "column": 9 } }, "15": { "start": { "line": 27, "column": 10 }, "end": { "line": 29, "column": 11 } }, "16": { "start": { "line": 28, "column": 12 }, "end": { "line": 28, "column": 52 } }, "17": { "start": { "line": 30, "column": 10 }, "end": { "line": 30, "column": 66 } }, "18": { "start": { "line": 31, "column": 10 }, "end": { "line": 31, "column": 23 } }, "19": { "start": { "line": 34, "column": 6 }, "end": { "line": 39, "column": 9 } }, "20": { "start": { "line": 35, "column": 8 }, "end": { "line": 37, "column": 11 } }, "21": { "start": { "line": 38, "column": 8 }, "end": { "line": 38, "column": 68 } }, "22": { "start": { "line": 46, "column": 4 }, "end": { "line": 51, "column": 5 } }, "23": { "start": { "line": 47, "column": 6 }, "end": { "line": 47, "column": 18 } }, "24": { "start": { "line": 49, "column": 9 }, "end": { "line": 51, "column": 5 } }, "25": { "start": { "line": 50, "column": 6 }, "end": { "line": 50, "column": 65 } }, "26": { "start": { "line": 61, "column": 4 }, "end": { "line": 73, "column": 5 } }, "27": { "start": { "line": 62, "column": 6 }, "end": { "line": 62, "column": 45 } }, "28": { "start": { "line": 63, "column": 20 }, "end": { "line": 63, "column": 46 } }, "29": { "start": { "line": 64, "column": 6 }, "end": { "line": 69, "column": 7 } }, "30": { "start": { "line": 65, "column": 22 }, "end": { "line": 65, "column": 55 } }, "31": { "start": { "line": 66, "column": 8 }, "end": { "line": 68, "column": 11 } }, "32": { "start": { "line": 70, "column": 6 }, "end": { "line": 70, "column": 56 } }, "33": { "start": { "line": 72, "column": 6 }, "end": { "line": 72, "column": 67 } }, "34": { "start": { "line": 83, "column": 23 }, "end": { "line": 83, "column": 28 } }, "35": { "start": { "line": 84, "column": 4 }, "end": { "line": 94, "column": 5 } }, "36": { "start": { "line": 85, "column": 6 }, "end": { "line": 85, "column": 45 } }, "37": { "start": { "line": 86, "column": 27 }, "end": { "line": 86, "column": 68 } }, "38": { "start": { "line": 87, "column": 20 }, "end": { "line": 87, "column": 60 } }, "39": { "start": { "line": 88, "column": 6 }, "end": { "line": 88, "column": 60 } }, "40": { "start": { "line": 89, "column": 6 }, "end": { "line": 91, "column": 9 } }, "41": { "start": { "line": 93, "column": 6 }, "end": { "line": 93, "column": 68 } }, "42": { "start": { "line": 97, "column": 4 }, "end": { "line": 102, "column": 5 } }, "43": { "start": { "line": 98, "column": 6 }, "end": { "line": 100, "column": 9 } }, "44": { "start": { "line": 101, "column": 6 }, "end": { "line": 101, "column": 25 } }, "45": { "start": { "line": 106, "column": 0 }, "end": { "line": 106, "column": 29 } } }, "fnMap": { "0": { "name": "(anonymous_0)", "decl": { "start": { "line": 6, "column": 35 }, "end": { "line": 6, "column": 36 } }, "loc": { "start": { "line": 6, "column": 56 }, "end": { "line": 11, "column": 1 } }, "line": 6 }, "1": { "name": "(anonymous_1)", "decl": { "start": { "line": 8, "column": 4 }, "end": { "line": 8, "column": 5 } }, "loc": { "start": { "line": 8, "column": 10 }, "end": { "line": 8, "column": 19 } }, "line": 8 }, "2": { "name": "(anonymous_2)", "decl": { "start": { "line": 14, "column": 2 }, "end": { "line": 14, "column": 3 } }, "loc": { "start": { "line": 14, "column": 9 }, "end": { "line": 41, "column": 3 } }, "line": 14 }, "3": { "name": "(anonymous_3)", "decl": { "start": { "line": 26, "column": 23 }, "end": { "line": 26, "column": 24 } }, "loc": { "start": { "line": 26, "column": 34 }, "end": { "line": 32, "column": 9 } }, "line": 26 }, "4": { "name": "(anonymous_4)", "decl": { "start": { "line": 34, "column": 30 }, "end": { "line": 34, "column": 31 } }, "loc": { "start": { "line": 34, "column": 36 }, "end": { "line": 39, "column": 7 } }, "line": 34 }, "5": { "name": "(anonymous_5)", "decl": { "start": { "line": 45, "column": 2 }, "end": { "line": 45, "column": 3 } }, "loc": { "start": { "line": 45, "column": 36 }, "end": { "line": 52, "column": 3 } }, "line": 45 }, "6": { "name": "(anonymous_6)", "decl": { "start": { "line": 60, "column": 2 }, "end": { "line": 60, "column": 3 } }, "loc": { "start": { "line": 60, "column": 43 }, "end": { "line": 74, "column": 3 } }, "line": 60 }, "7": { "name": "(anonymous_7)", "decl": { "start": { "line": 82, "column": 2 }, "end": { "line": 82, "column": 3 } }, "loc": { "start": { "line": 82, "column": 45 }, "end": { "line": 95, "column": 3 } }, "line": 82 }, "8": { "name": "(anonymous_8)", "decl": { "start": { "line": 96, "column": 2 }, "end": { "line": 96, "column": 3 } }, "loc": { "start": { "line": 96, "column": 21 }, "end": { "line": 103, "column": 3 } }, "line": 96 } }, "branchMap": { "0": { "loc": { "start": { "line": 15, "column": 4 }, "end": { "line": 40, "column": 5 } }, "type": "if", "locations": [{ "start": { "line": 15, "column": 4 }, "end": { "line": 40, "column": 5 } }, { "start": {}, "end": {} }], "line": 15 }, "1": { "loc": { "start": { "line": 16, "column": 18 }, "end": { "line": 16, "column": 55 } }, "type": "binary-expr", "locations": [{ "start": { "line": 16, "column": 18 }, "end": { "line": 16, "column": 40 } }, { "start": { "line": 16, "column": 44 }, "end": { "line": 16, "column": 55 } }], "line": 16 }, "2": { "loc": { "start": { "line": 17, "column": 18 }, "end": { "line": 17, "column": 62 } }, "type": "binary-expr", "locations": [{ "start": { "line": 17, "column": 18 }, "end": { "line": 17, "column": 54 } }, { "start": { "line": 17, "column": 58 }, "end": { "line": 17, "column": 62 } }], "line": 17 }, "3": { "loc": { "start": { "line": 19, "column": 33 }, "end": { "line": 19, "column": 68 } }, "type": "binary-expr", "locations": [{ "start": { "line": 19, "column": 33 }, "end": { "line": 19, "column": 62 } }, { "start": { "line": 19, "column": 66 }, "end": { "line": 19, "column": 68 } }], "line": 19 }, "4": { "loc": { "start": { "line": 20, "column": 37 }, "end": { "line": 20, "column": 83 } }, "type": "binary-expr", "locations": [{ "start": { "line": 20, "column": 37 }, "end": { "line": 20, "column": 77 } }, { "start": { "line": 20, "column": 81 }, "end": { "line": 20, "column": 83 } }], "line": 20 }, "5": { "loc": { "start": { "line": 27, "column": 10 }, "end": { "line": 29, "column": 11 } }, "type": "if", "locations": [{ "start": { "line": 27, "column": 10 }, "end": { "line": 29, "column": 11 } }, { "start": {}, "end": {} }], "line": 27 }, "6": { "loc": { "start": { "line": 46, "column": 4 }, "end": { "line": 51, "column": 5 } }, "type": "if", "locations": [{ "start": { "line": 46, "column": 4 }, "end": { "line": 51, "column": 5 } }, { "start": { "line": 49, "column": 9 }, "end": { "line": 51, "column": 5 } }], "line": 46 }, "7": { "loc": { "start": { "line": 49, "column": 9 }, "end": { "line": 51, "column": 5 } }, "type": "if", "locations": [{ "start": { "line": 49, "column": 9 }, "end": { "line": 51, "column": 5 } }, { "start": {}, "end": {} }], "line": 49 }, "8": { "loc": { "start": { "line": 60, "column": 20 }, "end": { "line": 60, "column": 41 } }, "type": "default-arg", "locations": [{ "start": { "line": 60, "column": 37 }, "end": { "line": 60, "column": 41 } }], "line": 60 }, "9": { "loc": { "start": { "line": 64, "column": 6 }, "end": { "line": 69, "column": 7 } }, "type": "if", "locations": [{ "start": { "line": 64, "column": 6 }, "end": { "line": 69, "column": 7 } }, { "start": {}, "end": {} }], "line": 64 }, "10": { "loc": { "start": { "line": 70, "column": 13 }, "end": { "line": 70, "column": 55 } }, "type": "cond-expr", "locations": [{ "start": { "line": 70, "column": 30 }, "end": { "line": 70, "column": 47 } }, { "start": { "line": 70, "column": 50 }, "end": { "line": 70, "column": 55 } }], "line": 70 }, "11": { "loc": { "start": { "line": 82, "column": 27 }, "end": { "line": 82, "column": 43 } }, "type": "default-arg", "locations": [{ "start": { "line": 82, "column": 39 }, "end": { "line": 82, "column": 43 } }], "line": 82 }, "12": { "loc": { "start": { "line": 86, "column": 27 }, "end": { "line": 86, "column": 68 } }, "type": "cond-expr", "locations": [{ "start": { "line": 86, "column": 39 }, "end": { "line": 86, "column": 60 } }, { "start": { "line": 86, "column": 63 }, "end": { "line": 86, "column": 68 } }], "line": 86 }, "13": { "loc": { "start": { "line": 97, "column": 4 }, "end": { "line": 102, "column": 5 } }, "type": "if", "locations": [{ "start": { "line": 97, "column": 4 }, "end": { "line": 102, "column": 5 } }, { "start": {}, "end": {} }], "line": 97 } }, "s": { "0": 1, "1": 1, "2": 1, "3": 1, "4": 1, "5": 1, "6": 0, "7": 1, "8": 1, "9": 1, "10": 1, "11": 1, "12": 1, "13": 1, "14": 1, "15": 0, "16": 0, "17": 0, "18": 0, "19": 1, "20": 0, "21": 0, "22": 8, "23": 1, "24": 7, "25": 1, "26": 6, "27": 6, "28": 6, "29": 5, "30": 3, "31": 3, "32": 5, "33": 1, "34": 2, "35": 2, "36": 2, "37": 2, "38": 2, "39": 2, "40": 1, "41": 1, "42": 0, "43": 0, "44": 0, "45": 1 }, "f": { "0": 1, "1": 0, "2": 1, "3": 0, "4": 0, "5": 8, "6": 6, "7": 2, "8": 0 }, "b": { "0": [1, 0], "1": [1, 1], "2": [1, 1], "3": [1, 1], "4": [1, 1], "5": [0, 0], "6": [1, 7], "7": [1, 6], "8": [4], "9": [3, 2], "10": [4, 1], "11": [1], "12": [1, 1], "13": [0, 0] }, "_coverageSchema": "1a1c01bbd47fc00a2c39e90264f33305004495a9", "hash": "9603203368831798f3501015889158078328d13d" },
    "/Users/apple/Desktop/workspace/rudder-transformer/src/util/stats.js": { "path": "/Users/apple/Desktop/workspace/rudder-transformer/src/util/stats.js", "statementMap": { "0": { "start": { "line": 1, "column": 15 }, "end": { "line": 1, "column": 34 } }, "1": { "start": { "line": 2, "column": 19 }, "end": { "line": 2, "column": 42 } }, "2": { "start": { "line": 3, "column": 15 }, "end": { "line": 3, "column": 35 } }, "3": { "start": { "line": 5, "column": 20 }, "end": { "line": 5, "column": 56 } }, "4": { "start": { "line": 6, "column": 24 }, "end": { "line": 6, "column": 60 } }, "5": { "start": { "line": 11, "column": 2 }, "end": { "line": 13, "column": 3 } }, "6": { "start": { "line": 12, "column": 4 }, "end": { "line": 12, "column": 11 } }, "7": { "start": { "line": 15, "column": 2 }, "end": { "line": 23, "column": 3 } }, "8": { "start": { "line": 16, "column": 4 }, "end": { "line": 16, "column": 38 } }, "9": { "start": { "line": 17, "column": 4 }, "end": { "line": 17, "column": 41 } }, "10": { "start": { "line": 18, "column": 9 }, "end": { "line": 23, "column": 3 } }, "11": { "start": { "line": 19, "column": 4 }, "end": { "line": 19, "column": 46 } }, "12": { "start": { "line": 20, "column": 4 }, "end": { "line": 20, "column": 45 } }, "13": { "start": { "line": 22, "column": 4 }, "end": { "line": 22, "column": 90 } }, "14": { "start": { "line": 25, "column": 2 }, "end": { "line": 25, "column": 47 } }, "15": { "start": { "line": 29, "column": 15 }, "end": { "line": 35, "column": 1 } }, "16": { "start": { "line": 30, "column": 2 }, "end": { "line": 32, "column": 3 } }, "17": { "start": { "line": 31, "column": 4 }, "end": { "line": 31, "column": 11 } }, "18": { "start": { "line": 34, "column": 2 }, "end": { "line": 34, "column": 40 } }, "19": { "start": { "line": 37, "column": 18 }, "end": { "line": 43, "column": 1 } }, "20": { "start": { "line": 38, "column": 2 }, "end": { "line": 40, "column": 3 } }, "21": { "start": { "line": 39, "column": 4 }, "end": { "line": 39, "column": 11 } }, "22": { "start": { "line": 42, "column": 2 }, "end": { "line": 42, "column": 36 } }, "23": { "start": { "line": 45, "column": 16 }, "end": { "line": 51, "column": 1 } }, "24": { "start": { "line": 46, "column": 2 }, "end": { "line": 48, "column": 3 } }, "25": { "start": { "line": 47, "column": 4 }, "end": { "line": 47, "column": 11 } }, "26": { "start": { "line": 50, "column": 2 }, "end": { "line": 50, "column": 41 } }, "27": { "start": { "line": 53, "column": 14 }, "end": { "line": 59, "column": 1 } }, "28": { "start": { "line": 54, "column": 2 }, "end": { "line": 56, "column": 3 } }, "29": { "start": { "line": 55, "column": 4 }, "end": { "line": 55, "column": 11 } }, "30": { "start": { "line": 58, "column": 2 }, "end": { "line": 58, "column": 39 } }, "31": { "start": { "line": 61, "column": 18 }, "end": { "line": 67, "column": 1 } }, "32": { "start": { "line": 62, "column": 2 }, "end": { "line": 64, "column": 3 } }, "33": { "start": { "line": 63, "column": 4 }, "end": { "line": 63, "column": 11 } }, "34": { "start": { "line": 66, "column": 2 }, "end": { "line": 66, "column": 43 } }, "35": { "start": { "line": 70, "column": 2 }, "end": { "line": 74, "column": 3 } }, "36": { "start": { "line": 71, "column": 4 }, "end": { "line": 71, "column": 21 } }, "37": { "start": { "line": 72, "column": 4 }, "end": { "line": 72, "column": 31 } }, "38": { "start": { "line": 73, "column": 4 }, "end": { "line": 73, "column": 11 } }, "39": { "start": { "line": 76, "column": 2 }, "end": { "line": 79, "column": 3 } }, "40": { "start": { "line": 77, "column": 4 }, "end": { "line": 77, "column": 45 } }, "41": { "start": { "line": 78, "column": 4 }, "end": { "line": 78, "column": 11 } }, "42": { "start": { "line": 81, "column": 2 }, "end": { "line": 81, "column": 19 } }, "43": { "start": { "line": 82, "column": 2 }, "end": { "line": 82, "column": 29 } }, "44": { "start": { "line": 85, "column": 0 }, "end": { "line": 85, "column": 7 } }, "45": { "start": { "line": 87, "column": 0 }, "end": { "line": 87, "column": 91 } } }, "fnMap": { "0": { "name": "init", "decl": { "start": { "line": 10, "column": 9 }, "end": { "line": 10, "column": 13 } }, "loc": { "start": { "line": 10, "column": 16 }, "end": { "line": 26, "column": 1 } }, "line": 10 }, "1": { "name": "(anonymous_1)", "decl": { "start": { "line": 29, "column": 15 }, "end": { "line": 29, "column": 16 } }, "loc": { "start": { "line": 29, "column": 43 }, "end": { "line": 35, "column": 1 } }, "line": 29 }, "2": { "name": "(anonymous_2)", "decl": { "start": { "line": 37, "column": 18 }, "end": { "line": 37, "column": 19 } }, "loc": { "start": { "line": 37, "column": 39 }, "end": { "line": 43, "column": 1 } }, "line": 37 }, "3": { "name": "(anonymous_3)", "decl": { "start": { "line": 45, "column": 16 }, "end": { "line": 45, "column": 17 } }, "loc": { "start": { "line": 45, "column": 44 }, "end": { "line": 51, "column": 1 } }, "line": 45 }, "4": { "name": "(anonymous_4)", "decl": { "start": { "line": 53, "column": 14 }, "end": { "line": 53, "column": 15 } }, "loc": { "start": { "line": 53, "column": 42 }, "end": { "line": 59, "column": 1 } }, "line": 53 }, "5": { "name": "(anonymous_5)", "decl": { "start": { "line": 61, "column": 18 }, "end": { "line": 61, "column": 19 } }, "loc": { "start": { "line": 61, "column": 46 }, "end": { "line": 67, "column": 1 } }, "line": 61 }, "6": { "name": "metricsController", "decl": { "start": { "line": 69, "column": 15 }, "end": { "line": 69, "column": 32 } }, "loc": { "start": { "line": 69, "column": 38 }, "end": { "line": 83, "column": 1 } }, "line": 69 } }, "branchMap": { "0": { "loc": { "start": { "line": 6, "column": 24 }, "end": { "line": 6, "column": 60 } }, "type": "binary-expr", "locations": [{ "start": { "line": 6, "column": 24 }, "end": { "line": 6, "column": 48 } }, { "start": { "line": 6, "column": 52 }, "end": { "line": 6, "column": 60 } }], "line": 6 }, "1": { "loc": { "start": { "line": 11, "column": 2 }, "end": { "line": 13, "column": 3 } }, "type": "if", "locations": [{ "start": { "line": 11, "column": 2 }, "end": { "line": 13, "column": 3 } }, { "start": {}, "end": {} }], "line": 11 }, "2": { "loc": { "start": { "line": 15, "column": 2 }, "end": { "line": 23, "column": 3 } }, "type": "if", "locations": [{ "start": { "line": 15, "column": 2 }, "end": { "line": 23, "column": 3 } }, { "start": { "line": 18, "column": 9 }, "end": { "line": 23, "column": 3 } }], "line": 15 }, "3": { "loc": { "start": { "line": 18, "column": 9 }, "end": { "line": 23, "column": 3 } }, "type": "if", "locations": [{ "start": { "line": 18, "column": 9 }, "end": { "line": 23, "column": 3 } }, { "start": { "line": 21, "column": 9 }, "end": { "line": 23, "column": 3 } }], "line": 18 }, "4": { "loc": { "start": { "line": 25, "column": 18 }, "end": { "line": 25, "column": 46 } }, "type": "binary-expr", "locations": [{ "start": { "line": 25, "column": 18 }, "end": { "line": 25, "column": 30 } }, { "start": { "line": 25, "column": 34 }, "end": { "line": 25, "column": 46 } }], "line": 25 }, "5": { "loc": { "start": { "line": 29, "column": 29 }, "end": { "line": 29, "column": 38 } }, "type": "default-arg", "locations": [{ "start": { "line": 29, "column": 36 }, "end": { "line": 29, "column": 38 } }], "line": 29 }, "6": { "loc": { "start": { "line": 30, "column": 2 }, "end": { "line": 32, "column": 3 } }, "type": "if", "locations": [{ "start": { "line": 30, "column": 2 }, "end": { "line": 32, "column": 3 } }, { "start": {}, "end": {} }], "line": 30 }, "7": { "loc": { "start": { "line": 37, "column": 25 }, "end": { "line": 37, "column": 34 } }, "type": "default-arg", "locations": [{ "start": { "line": 37, "column": 32 }, "end": { "line": 37, "column": 34 } }], "line": 37 }, "8": { "loc": { "start": { "line": 38, "column": 2 }, "end": { "line": 40, "column": 3 } }, "type": "if", "locations": [{ "start": { "line": 38, "column": 2 }, "end": { "line": 40, "column": 3 } }, { "start": {}, "end": {} }], "line": 38 }, "9": { "loc": { "start": { "line": 45, "column": 30 }, "end": { "line": 45, "column": 39 } }, "type": "default-arg", "locations": [{ "start": { "line": 45, "column": 37 }, "end": { "line": 45, "column": 39 } }], "line": 45 }, "10": { "loc": { "start": { "line": 46, "column": 2 }, "end": { "line": 48, "column": 3 } }, "type": "if", "locations": [{ "start": { "line": 46, "column": 2 }, "end": { "line": 48, "column": 3 } }, { "start": {}, "end": {} }], "line": 46 }, "11": { "loc": { "start": { "line": 53, "column": 28 }, "end": { "line": 53, "column": 37 } }, "type": "default-arg", "locations": [{ "start": { "line": 53, "column": 35 }, "end": { "line": 53, "column": 37 } }], "line": 53 }, "12": { "loc": { "start": { "line": 54, "column": 2 }, "end": { "line": 56, "column": 3 } }, "type": "if", "locations": [{ "start": { "line": 54, "column": 2 }, "end": { "line": 56, "column": 3 } }, { "start": {}, "end": {} }], "line": 54 }, "13": { "loc": { "start": { "line": 61, "column": 32 }, "end": { "line": 61, "column": 41 } }, "type": "default-arg", "locations": [{ "start": { "line": 61, "column": 39 }, "end": { "line": 61, "column": 41 } }], "line": 61 }, "14": { "loc": { "start": { "line": 62, "column": 2 }, "end": { "line": 64, "column": 3 } }, "type": "if", "locations": [{ "start": { "line": 62, "column": 2 }, "end": { "line": 64, "column": 3 } }, { "start": {}, "end": {} }], "line": 62 }, "15": { "loc": { "start": { "line": 70, "column": 2 }, "end": { "line": 74, "column": 3 } }, "type": "if", "locations": [{ "start": { "line": 70, "column": 2 }, "end": { "line": 74, "column": 3 } }, { "start": {}, "end": {} }], "line": 70 }, "16": { "loc": { "start": { "line": 76, "column": 2 }, "end": { "line": 79, "column": 3 } }, "type": "if", "locations": [{ "start": { "line": 76, "column": 2 }, "end": { "line": 79, "column": 3 } }, { "start": {}, "end": {} }], "line": 76 } }, "s": { "0": 1, "1": 1, "2": 1, "3": 1, "4": 1, "5": 1, "6": 0, "7": 1, "8": 1, "9": 1, "10": 0, "11": 0, "12": 0, "13": 0, "14": 1, "15": 1, "16": 5, "17": 0, "18": 5, "19": 1, "20": 5, "21": 0, "22": 5, "23": 1, "24": 0, "25": 0, "26": 0, "27": 1, "28": 4, "29": 0, "30": 4, "31": 1, "32": 0, "33": 0, "34": 0, "35": 0, "36": 0, "37": 0, "38": 0, "39": 0, "40": 0, "41": 0, "42": 0, "43": 0, "44": 1, "45": 1 }, "f": { "0": 1, "1": 5, "2": 5, "3": 0, "4": 4, "5": 0, "6": 0 }, "b": { "0": [1, 1], "1": [0, 1], "2": [1, 0], "3": [0, 0], "4": [1, 1], "5": [0], "6": [0, 5], "7": [0], "8": [0, 5], "9": [0], "10": [0, 0], "11": [0], "12": [0, 4], "13": [0], "14": [0, 0], "15": [0, 0], "16": [0, 0] }, "_coverageSchema": "1a1c01bbd47fc00a2c39e90264f33305004495a9", "hash": "72d131d94ec849a3f019dbe2c791b0ab1c114049" },
    "/Users/apple/Desktop/workspace/rudder-transformer/src/util/statsd.js": { "path": "/Users/apple/Desktop/workspace/rudder-transformer/src/util/statsd.js", "statementMap": { "0": { "start": { "line": 1, "column": 12 }, "end": { "line": 1, "column": 36 } }, "1": { "start": { "line": 3, "column": 24 }, "end": { "line": 3, "column": 69 } }, "2": { "start": { "line": 4, "column": 24 }, "end": { "line": 4, "column": 78 } }, "3": { "start": { "line": 5, "column": 19 }, "end": { "line": 5, "column": 57 } }, "4": { "start": { "line": 9, "column": 4 }, "end": { "line": 16, "column": 7 } }, "5": { "start": { "line": 21, "column": 4 }, "end": { "line": 21, "column": 48 } }, "6": { "start": { "line": 25, "column": 4 }, "end": { "line": 25, "column": 47 } }, "7": { "start": { "line": 29, "column": 4 }, "end": { "line": 29, "column": 49 } }, "8": { "start": { "line": 33, "column": 4 }, "end": { "line": 33, "column": 47 } }, "9": { "start": { "line": 37, "column": 4 }, "end": { "line": 37, "column": 51 } }, "10": { "start": { "line": 41, "column": 0 }, "end": { "line": 41, "column": 28 } } }, "fnMap": { "0": { "name": "(anonymous_0)", "decl": { "start": { "line": 8, "column": 2 }, "end": { "line": 8, "column": 3 } }, "loc": { "start": { "line": 8, "column": 16 }, "end": { "line": 17, "column": 3 } }, "line": 8 }, "1": { "name": "(anonymous_1)", "decl": { "start": { "line": 20, "column": 2 }, "end": { "line": 20, "column": 3 } }, "loc": { "start": { "line": 20, "column": 33 }, "end": { "line": 22, "column": 3 } }, "line": 20 }, "2": { "name": "(anonymous_2)", "decl": { "start": { "line": 24, "column": 2 }, "end": { "line": 24, "column": 3 } }, "loc": { "start": { "line": 24, "column": 29 }, "end": { "line": 26, "column": 3 } }, "line": 24 }, "3": { "name": "(anonymous_3)", "decl": { "start": { "line": 28, "column": 2 }, "end": { "line": 28, "column": 3 } }, "loc": { "start": { "line": 28, "column": 34 }, "end": { "line": 30, "column": 3 } }, "line": 28 }, "4": { "name": "(anonymous_4)", "decl": { "start": { "line": 32, "column": 2 }, "end": { "line": 32, "column": 3 } }, "loc": { "start": { "line": 32, "column": 32 }, "end": { "line": 34, "column": 3 } }, "line": 32 }, "5": { "name": "(anonymous_5)", "decl": { "start": { "line": 36, "column": 2 }, "end": { "line": 36, "column": 3 } }, "loc": { "start": { "line": 36, "column": 36 }, "end": { "line": 38, "column": 3 } }, "line": 36 } }, "branchMap": { "0": { "loc": { "start": { "line": 3, "column": 24 }, "end": { "line": 3, "column": 69 } }, "type": "binary-expr", "locations": [{ "start": { "line": 3, "column": 24 }, "end": { "line": 3, "column": 54 } }, { "start": { "line": 3, "column": 58 }, "end": { "line": 3, "column": 69 } }], "line": 3 }, "1": { "loc": { "start": { "line": 4, "column": 33 }, "end": { "line": 4, "column": 73 } }, "type": "binary-expr", "locations": [{ "start": { "line": 4, "column": 33 }, "end": { "line": 4, "column": 63 } }, { "start": { "line": 4, "column": 67 }, "end": { "line": 4, "column": 73 } }], "line": 4 }, "2": { "loc": { "start": { "line": 5, "column": 19 }, "end": { "line": 5, "column": 57 } }, "type": "binary-expr", "locations": [{ "start": { "line": 5, "column": 19 }, "end": { "line": 5, "column": 42 } }, { "start": { "line": 5, "column": 46 }, "end": { "line": 5, "column": 57 } }], "line": 5 }, "3": { "loc": { "start": { "line": 20, "column": 22 }, "end": { "line": 20, "column": 31 } }, "type": "default-arg", "locations": [{ "start": { "line": 20, "column": 29 }, "end": { "line": 20, "column": 31 } }], "line": 20 }, "4": { "loc": { "start": { "line": 24, "column": 18 }, "end": { "line": 24, "column": 27 } }, "type": "default-arg", "locations": [{ "start": { "line": 24, "column": 25 }, "end": { "line": 24, "column": 27 } }], "line": 24 }, "5": { "loc": { "start": { "line": 28, "column": 23 }, "end": { "line": 28, "column": 32 } }, "type": "default-arg", "locations": [{ "start": { "line": 28, "column": 30 }, "end": { "line": 28, "column": 32 } }], "line": 28 }, "6": { "loc": { "start": { "line": 32, "column": 21 }, "end": { "line": 32, "column": 30 } }, "type": "default-arg", "locations": [{ "start": { "line": 32, "column": 28 }, "end": { "line": 32, "column": 30 } }], "line": 32 }, "7": { "loc": { "start": { "line": 36, "column": 25 }, "end": { "line": 36, "column": 34 } }, "type": "default-arg", "locations": [{ "start": { "line": 36, "column": 32 }, "end": { "line": 36, "column": 34 } }], "line": 36 } }, "s": { "0": 1, "1": 1, "2": 1, "3": 1, "4": 1, "5": 5, "6": 5, "7": 0, "8": 4, "9": 0, "10": 1 }, "f": { "0": 1, "1": 5, "2": 5, "3": 0, "4": 4, "5": 0 }, "b": { "0": [1, 1], "1": [1, 1], "2": [1, 1], "3": [0], "4": [0], "5": [0], "6": [0], "7": [0] }, "_coverageSchema": "1a1c01bbd47fc00a2c39e90264f33305004495a9", "hash": "f549679aca131ad761ae7c2d1aa4188aa7d99366" },
    "/Users/apple/Desktop/workspace/rudder-transformer/src/util/errorNotifier/bugsnag.js": { "path": "/Users/apple/Desktop/workspace/rudder-transformer/src/util/errorNotifier/bugsnag.js", "statementMap": { "0": { "start": { "line": 2, "column": 16 }, "end": { "line": 2, "column": 38 } }, "1": { "start": { "line": 6, "column": 4 }, "end": { "line": 6, "column": 55 } }, "2": { "start": { "line": 7, "column": 25 }, "end": { "line": 7, "column": 53 } }, "3": { "start": { "line": 8, "column": 19 }, "end": { "line": 8, "column": 42 } }, "4": { "start": { "line": 9, "column": 12 }, "end": { "line": 9, "column": 44 } }, "5": { "start": { "line": 26, "column": 4 }, "end": { "line": 26, "column": 39 } }, "6": { "start": { "line": 28, "column": 107 }, "end": { "line": 28, "column": 118 } }, "7": { "start": { "line": 30, "column": 27 }, "end": { "line": 47, "column": 1 } }, "8": { "start": { "line": 49, "column": 22 }, "end": { "line": 52, "column": 1 } }, "9": { "start": { "line": 57, "column": 2 }, "end": { "line": 75, "column": 3 } }, "10": { "start": { "line": 58, "column": 4 }, "end": { "line": 72, "column": 7 } }, "11": { "start": { "line": 70, "column": 8 }, "end": { "line": 70, "column": 33 } }, "12": { "start": { "line": 74, "column": 4 }, "end": { "line": 74, "column": 55 } }, "13": { "start": { "line": 79, "column": 2 }, "end": { "line": 79, "column": 29 } }, "14": { "start": { "line": 79, "column": 22 }, "end": { "line": 79, "column": 29 } }, "15": { "start": { "line": 81, "column": 26 }, "end": { "line": 81, "column": 86 } }, "16": { "start": { "line": 81, "column": 63 }, "end": { "line": 81, "column": 85 } }, "17": { "start": { "line": 82, "column": 2 }, "end": { "line": 82, "column": 30 } }, "18": { "start": { "line": 82, "column": 23 }, "end": { "line": 82, "column": 30 } }, "19": { "start": { "line": 84, "column": 26 }, "end": { "line": 86, "column": 3 } }, "20": { "start": { "line": 85, "column": 4 }, "end": { "line": 85, "column": 68 } }, "21": { "start": { "line": 87, "column": 2 }, "end": { "line": 87, "column": 30 } }, "22": { "start": { "line": 87, "column": 23 }, "end": { "line": 87, "column": 30 } }, "23": { "start": { "line": 89, "column": 2 }, "end": { "line": 91, "column": 5 } }, "24": { "start": { "line": 90, "column": 4 }, "end": { "line": 90, "column": 71 } }, "25": { "start": { "line": 94, "column": 0 }, "end": { "line": 97, "column": 2 } } }, "fnMap": { "0": { "name": "init", "decl": { "start": { "line": 56, "column": 9 }, "end": { "line": 56, "column": 13 } }, "loc": { "start": { "line": 56, "column": 16 }, "end": { "line": 76, "column": 1 } }, "line": 56 }, "1": { "name": "(anonymous_1)", "decl": { "start": { "line": 69, "column": 6 }, "end": { "line": 69, "column": 7 } }, "loc": { "start": { "line": 69, "column": 21 }, "end": { "line": 71, "column": 7 } }, "line": 69 }, "2": { "name": "notify", "decl": { "start": { "line": 78, "column": 9 }, "end": { "line": 78, "column": 15 } }, "loc": { "start": { "line": 78, "column": 40 }, "end": { "line": 92, "column": 1 } }, "line": 78 }, "3": { "name": "(anonymous_3)", "decl": { "start": { "line": 81, "column": 50 }, "end": { "line": 81, "column": 51 } }, "loc": { "start": { "line": 81, "column": 63 }, "end": { "line": 81, "column": 85 } }, "line": 81 }, "4": { "name": "(anonymous_4)", "decl": { "start": { "line": 84, "column": 45 }, "end": { "line": 84, "column": 46 } }, "loc": { "start": { "line": 85, "column": 4 }, "end": { "line": 85, "column": 68 } }, "line": 85 }, "5": { "name": "(anonymous_5)", "decl": { "start": { "line": 89, "column": 28 }, "end": { "line": 89, "column": 29 } }, "loc": { "start": { "line": 89, "column": 39 }, "end": { "line": 91, "column": 3 } }, "line": 89 } }, "branchMap": { "0": { "loc": { "start": { "line": 57, "column": 2 }, "end": { "line": 75, "column": 3 } }, "type": "if", "locations": [{ "start": { "line": 57, "column": 2 }, "end": { "line": 75, "column": 3 } }, { "start": { "line": 73, "column": 9 }, "end": { "line": 75, "column": 3 } }], "line": 57 }, "1": { "loc": { "start": { "line": 79, "column": 2 }, "end": { "line": 79, "column": 29 } }, "type": "if", "locations": [{ "start": { "line": 79, "column": 2 }, "end": { "line": 79, "column": 29 } }, { "start": {}, "end": {} }], "line": 79 }, "2": { "loc": { "start": { "line": 82, "column": 2 }, "end": { "line": 82, "column": 30 } }, "type": "if", "locations": [{ "start": { "line": 82, "column": 2 }, "end": { "line": 82, "column": 30 } }, { "start": {}, "end": {} }], "line": 82 }, "3": { "loc": { "start": { "line": 87, "column": 2 }, "end": { "line": 87, "column": 30 } }, "type": "if", "locations": [{ "start": { "line": 87, "column": 2 }, "end": { "line": 87, "column": 30 } }, { "start": {}, "end": {} }], "line": 87 } }, "s": { "0": 1, "1": 1, "2": 1, "3": 1, "4": 1, "5": 1, "6": 1, "7": 1, "8": 1, "9": 0, "10": 0, "11": 0, "12": 0, "13": 0, "14": 0, "15": 0, "16": 0, "17": 0, "18": 0, "19": 0, "20": 0, "21": 0, "22": 0, "23": 0, "24": 0, "25": 1 }, "f": { "0": 0, "1": 0, "2": 0, "3": 0, "4": 0, "5": 0 }, "b": { "0": [0, 0], "1": [0, 0], "2": [0, 0], "3": [0, 0] }, "_coverageSchema": "1a1c01bbd47fc00a2c39e90264f33305004495a9", "hash": "c49eee8e3938cca0cb7621033ad61766d687b08a" },
    "/Users/apple/Desktop/workspace/rudder-transformer/src/util/errorNotifier/client.js": { "path": "/Users/apple/Desktop/workspace/rudder-transformer/src/util/errorNotifier/client.js", "statementMap": { "0": { "start": { "line": 4, "column": 2 }, "end": { "line": 4, "column": 40 } }, "1": { "start": { "line": 4, "column": 18 }, "end": { "line": 4, "column": 40 } }, "2": { "start": { "line": 8, "column": 2 }, "end": { "line": 12, "column": 3 } }, "3": { "start": { "line": 9, "column": 4 }, "end": { "line": 9, "column": 40 } }, "4": { "start": { "line": 9, "column": 24 }, "end": { "line": 9, "column": 40 } }, "5": { "start": { "line": 16, "column": 2 }, "end": { "line": 20, "column": 3 } }, "6": { "start": { "line": 17, "column": 4 }, "end": { "line": 17, "column": 66 } }, "7": { "start": { "line": 17, "column": 26 }, "end": { "line": 17, "column": 66 } }, "8": { "start": { "line": 23, "column": 0 }, "end": { "line": 27, "column": 2 } } }, "fnMap": { "0": { "name": "setNotifier", "decl": { "start": { "line": 3, "column": 9 }, "end": { "line": 3, "column": 20 } }, "loc": { "start": { "line": 3, "column": 33 }, "end": { "line": 5, "column": 1 } }, "line": 3 }, "1": { "name": "init", "decl": { "start": { "line": 7, "column": 9 }, "end": { "line": 7, "column": 13 } }, "loc": { "start": { "line": 7, "column": 16 }, "end": { "line": 13, "column": 1 } }, "line": 7 }, "2": { "name": "notify", "decl": { "start": { "line": 15, "column": 9 }, "end": { "line": 15, "column": 15 } }, "loc": { "start": { "line": 15, "column": 40 }, "end": { "line": 21, "column": 1 } }, "line": 15 } }, "branchMap": { "0": { "loc": { "start": { "line": 4, "column": 2 }, "end": { "line": 4, "column": 40 } }, "type": "if", "locations": [{ "start": { "line": 4, "column": 2 }, "end": { "line": 4, "column": 40 } }, { "start": {}, "end": {} }], "line": 4 }, "1": { "loc": { "start": { "line": 9, "column": 4 }, "end": { "line": 9, "column": 40 } }, "type": "if", "locations": [{ "start": { "line": 9, "column": 4 }, "end": { "line": 9, "column": 40 } }, { "start": {}, "end": {} }], "line": 9 }, "2": { "loc": { "start": { "line": 17, "column": 4 }, "end": { "line": 17, "column": 66 } }, "type": "if", "locations": [{ "start": { "line": 17, "column": 4 }, "end": { "line": 17, "column": 66 } }, { "start": {}, "end": {} }], "line": 17 } }, "s": { "0": 1, "1": 1, "2": 1, "3": 1, "4": 1, "5": 0, "6": 0, "7": 0, "8": 1 }, "f": { "0": 1, "1": 1, "2": 0 }, "b": { "0": [1, 0], "1": [1, 0], "2": [0, 0] }, "_coverageSchema": "1a1c01bbd47fc00a2c39e90264f33305004495a9", "hash": "faeeb4cedadbb5859950213fbed724cc10f8fa1c" },
    "/Users/apple/Desktop/workspace/rudder-transformer/src/util/errorNotifier/default.js": { "path": "/Users/apple/Desktop/workspace/rudder-transformer/src/util/errorNotifier/default.js", "statementMap": { "0": { "start": { "line": 1, "column": 15 }, "end": { "line": 1, "column": 38 } }, "1": { "start": { "line": 6, "column": 2 }, "end": { "line": 6, "column": 39 } }, "2": { "start": { "line": 9, "column": 0 }, "end": { "line": 12, "column": 2 } } }, "fnMap": { "0": { "name": "init", "decl": { "start": { "line": 3, "column": 9 }, "end": { "line": 3, "column": 13 } }, "loc": { "start": { "line": 3, "column": 16 }, "end": { "line": 3, "column": 18 } }, "line": 3 }, "1": { "name": "notify", "decl": { "start": { "line": 5, "column": 9 }, "end": { "line": 5, "column": 15 } }, "loc": { "start": { "line": 5, "column": 40 }, "end": { "line": 7, "column": 1 } }, "line": 5 } }, "branchMap": {}, "s": { "0": 1, "1": 0, "2": 1 }, "f": { "0": 1, "1": 0 }, "b": {}, "_coverageSchema": "1a1c01bbd47fc00a2c39e90264f33305004495a9", "hash": "4a87672047d0a422114271e4feca4d2291cfadb5" },
    "/Users/apple/Desktop/workspace/rudder-transformer/src/util/errorNotifier/index.js": { "path": "/Users/apple/Desktop/workspace/rudder-transformer/src/util/errorNotifier/index.js", "statementMap": { "0": { "start": { "line": 1, "column": 16 }, "end": { "line": 1, "column": 36 } }, "1": { "start": { "line": 2, "column": 24 }, "end": { "line": 2, "column": 44 } }, "2": { "start": { "line": 3, "column": 15 }, "end": { "line": 3, "column": 34 } }, "3": { "start": { "line": 5, "column": 27 }, "end": { "line": 5, "column": 38 } }, "4": { "start": { "line": 8, "column": 0 }, "end": { "line": 15, "column": 1 } }, "5": { "start": { "line": 10, "column": 4 }, "end": { "line": 10, "column": 23 } }, "6": { "start": { "line": 11, "column": 4 }, "end": { "line": 11, "column": 10 } }, "7": { "start": { "line": 13, "column": 4 }, "end": { "line": 13, "column": 31 } }, "8": { "start": { "line": 14, "column": 4 }, "end": { "line": 14, "column": 10 } }, "9": { "start": { "line": 16, "column": 0 }, "end": { "line": 16, "column": 29 } }, "10": { "start": { "line": 19, "column": 0 }, "end": { "line": 19, "column": 14 } }, "11": { "start": { "line": 21, "column": 0 }, "end": { "line": 23, "column": 2 } } }, "fnMap": {}, "branchMap": { "0": { "loc": { "start": { "line": 8, "column": 0 }, "end": { "line": 15, "column": 1 } }, "type": "switch", "locations": [{ "start": { "line": 9, "column": 2 }, "end": { "line": 11, "column": 10 } }, { "start": { "line": 12, "column": 2 }, "end": { "line": 14, "column": 10 } }], "line": 8 } }, "s": { "0": 1, "1": 1, "2": 1, "3": 1, "4": 1, "5": 0, "6": 0, "7": 1, "8": 1, "9": 1, "10": 1, "11": 1 }, "f": {}, "b": { "0": [0, 1] }, "_coverageSchema": "1a1c01bbd47fc00a2c39e90264f33305004495a9", "hash": "d83c5430d3d4e2de3bee37f8fcf54866be82b5c7" },
    "/Users/apple/Desktop/workspace/rudder-transformer/src/v0/sources/message.js": { "path": "/Users/apple/Desktop/workspace/rudder-transformer/src/v0/sources/message.js", "statementMap": { "0": { "start": { "line": 1, "column": 12 }, "end": { "line": 1, "column": 32 } }, "1": { "start": { "line": 2, "column": 12 }, "end": { "line": 2, "column": 32 } }, "2": { "start": { "line": 4, "column": 32 }, "end": { "line": 4, "column": 50 } }, "3": { "start": { "line": 6, "column": 16 }, "end": { "line": 14, "column": 2 } }, "4": { "start": { "line": 6, "column": 34 }, "end": { "line": 14, "column": 1 } }, "5": { "start": { "line": 18, "column": 4 }, "end": { "line": 18, "column": 40 } }, "6": { "start": { "line": 19, "column": 4 }, "end": { "line": 21, "column": 6 } }, "7": { "start": { "line": 25, "column": 4 }, "end": { "line": 25, "column": 22 } }, "8": { "start": { "line": 29, "column": 4 }, "end": { "line": 29, "column": 21 } }, "9": { "start": { "line": 33, "column": 4 }, "end": { "line": 33, "column": 27 } }, "10": { "start": { "line": 37, "column": 4 }, "end": { "line": 55, "column": 7 } }, "11": { "start": { "line": 38, "column": 21 }, "end": { "line": 38, "column": 36 } }, "12": { "start": { "line": 39, "column": 21 }, "end": { "line": 39, "column": 33 } }, "13": { "start": { "line": 40, "column": 6 }, "end": { "line": 42, "column": 7 } }, "14": { "start": { "line": 41, "column": 8 }, "end": { "line": 41, "column": 30 } }, "15": { "start": { "line": 43, "column": 6 }, "end": { "line": 54, "column": 9 } }, "16": { "start": { "line": 44, "column": 28 }, "end": { "line": 44, "column": 46 } }, "17": { "start": { "line": 47, "column": 8 }, "end": { "line": 53, "column": 9 } }, "18": { "start": { "line": 52, "column": 10 }, "end": { "line": 52, "column": 37 } }, "19": { "start": { "line": 59, "column": 4 }, "end": { "line": 78, "column": 7 } }, "20": { "start": { "line": 60, "column": 29 }, "end": { "line": 60, "column": 36 } }, "21": { "start": { "line": 61, "column": 25 }, "end": { "line": 61, "column": 32 } }, "22": { "start": { "line": 62, "column": 21 }, "end": { "line": 62, "column": 59 } }, "23": { "start": { "line": 63, "column": 6 }, "end": { "line": 65, "column": 7 } }, "24": { "start": { "line": 64, "column": 8 }, "end": { "line": 64, "column": 30 } }, "25": { "start": { "line": 66, "column": 6 }, "end": { "line": 77, "column": 9 } }, "26": { "start": { "line": 67, "column": 28 }, "end": { "line": 67, "column": 46 } }, "27": { "start": { "line": 70, "column": 8 }, "end": { "line": 76, "column": 9 } }, "28": { "start": { "line": 75, "column": 10 }, "end": { "line": 75, "column": 37 } }, "29": { "start": { "line": 82, "column": 4 }, "end": { "line": 82, "column": 31 } }, "30": { "start": { "line": 86, "column": 0 }, "end": { "line": 86, "column": 25 } } }, "fnMap": { "0": { "name": "(anonymous_0)", "decl": { "start": { "line": 6, "column": 16 }, "end": { "line": 6, "column": 17 } }, "loc": { "start": { "line": 6, "column": 34 }, "end": { "line": 14, "column": 1 } }, "line": 6 }, "1": { "name": "(anonymous_1)", "decl": { "start": { "line": 17, "column": 2 }, "end": { "line": 17, "column": 3 } }, "loc": { "start": { "line": 17, "column": 27 }, "end": { "line": 22, "column": 3 } }, "line": 17 }, "2": { "name": "(anonymous_2)", "decl": { "start": { "line": 24, "column": 2 }, "end": { "line": 24, "column": 3 } }, "loc": { "start": { "line": 24, "column": 21 }, "end": { "line": 26, "column": 3 } }, "line": 24 }, "3": { "name": "(anonymous_3)", "decl": { "start": { "line": 28, "column": 2 }, "end": { "line": 28, "column": 3 } }, "loc": { "start": { "line": 28, "column": 21 }, "end": { "line": 30, "column": 3 } }, "line": 28 }, "4": { "name": "(anonymous_4)", "decl": { "start": { "line": 32, "column": 2 }, "end": { "line": 32, "column": 3 } }, "loc": { "start": { "line": 32, "column": 27 }, "end": { "line": 34, "column": 3 } }, "line": 32 }, "5": { "name": "(anonymous_5)", "decl": { "start": { "line": 36, "column": 2 }, "end": { "line": 36, "column": 3 } }, "loc": { "start": { "line": 36, "column": 32 }, "end": { "line": 56, "column": 3 } }, "line": 36 }, "6": { "name": "(anonymous_6)", "decl": { "start": { "line": 37, "column": 33 }, "end": { "line": 37, "column": 34 } }, "loc": { "start": { "line": 37, "column": 42 }, "end": { "line": 55, "column": 5 } }, "line": 37 }, "7": { "name": "(anonymous_7)", "decl": { "start": { "line": 43, "column": 23 }, "end": { "line": 43, "column": 24 } }, "loc": { "start": { "line": 43, "column": 36 }, "end": { "line": 54, "column": 7 } }, "line": 43 }, "8": { "name": "(anonymous_8)", "decl": { "start": { "line": 58, "column": 2 }, "end": { "line": 58, "column": 3 } }, "loc": { "start": { "line": 58, "column": 38 }, "end": { "line": 79, "column": 3 } }, "line": 58 }, "9": { "name": "(anonymous_9)", "decl": { "start": { "line": 59, "column": 24 }, "end": { "line": 59, "column": 25 } }, "loc": { "start": { "line": 59, "column": 37 }, "end": { "line": 78, "column": 5 } }, "line": 59 }, "10": { "name": "(anonymous_10)", "decl": { "start": { "line": 66, "column": 23 }, "end": { "line": 66, "column": 24 } }, "loc": { "start": { "line": 66, "column": 36 }, "end": { "line": 77, "column": 7 } }, "line": 66 }, "11": { "name": "(anonymous_11)", "decl": { "start": { "line": 81, "column": 2 }, "end": { "line": 81, "column": 3 } }, "loc": { "start": { "line": 81, "column": 26 }, "end": { "line": 83, "column": 3 } }, "line": 81 } }, "branchMap": { "0": { "loc": { "start": { "line": 40, "column": 6 }, "end": { "line": 42, "column": 7 } }, "type": "if", "locations": [{ "start": { "line": 40, "column": 6 }, "end": { "line": 42, "column": 7 } }, { "start": {}, "end": {} }], "line": 40 }, "1": { "loc": { "start": { "line": 47, "column": 8 }, "end": { "line": 53, "column": 9 } }, "type": "if", "locations": [{ "start": { "line": 47, "column": 8 }, "end": { "line": 53, "column": 9 } }, { "start": {}, "end": {} }], "line": 47 }, "2": { "loc": { "start": { "line": 48, "column": 10 }, "end": { "line": 50, "column": 61 } }, "type": "binary-expr", "locations": [{ "start": { "line": 48, "column": 10 }, "end": { "line": 48, "column": 25 } }, { "start": { "line": 49, "column": 10 }, "end": { "line": 49, "column": 30 } }, { "start": { "line": 50, "column": 11 }, "end": { "line": 50, "column": 31 } }, { "start": { "line": 50, "column": 35 }, "end": { "line": 50, "column": 60 } }], "line": 48 }, "3": { "loc": { "start": { "line": 63, "column": 6 }, "end": { "line": 65, "column": 7 } }, "type": "if", "locations": [{ "start": { "line": 63, "column": 6 }, "end": { "line": 65, "column": 7 } }, { "start": {}, "end": {} }], "line": 63 }, "4": { "loc": { "start": { "line": 70, "column": 8 }, "end": { "line": 76, "column": 9 } }, "type": "if", "locations": [{ "start": { "line": 70, "column": 8 }, "end": { "line": 76, "column": 9 } }, { "start": {}, "end": {} }], "line": 70 }, "5": { "loc": { "start": { "line": 71, "column": 10 }, "end": { "line": 73, "column": 61 } }, "type": "binary-expr", "locations": [{ "start": { "line": 71, "column": 10 }, "end": { "line": 71, "column": 25 } }, { "start": { "line": 72, "column": 10 }, "end": { "line": 72, "column": 30 } }, { "start": { "line": 73, "column": 11 }, "end": { "line": 73, "column": 31 } }, { "start": { "line": 73, "column": 35 }, "end": { "line": 73, "column": 60 } }], "line": 71 } }, "s": { "0": 1, "1": 1, "2": 1, "3": 1, "4": 7, "5": 7, "6": 7, "7": 7, "8": 7, "9": 102, "10": 0, "11": 0, "12": 0, "13": 0, "14": 0, "15": 0, "16": 0, "17": 0, "18": 0, "19": 2, "20": 50, "21": 50, "22": 50, "23": 50, "24": 50, "25": 50, "26": 50, "27": 50, "28": 2, "29": 3, "30": 1 }, "f": { "0": 7, "1": 7, "2": 7, "3": 7, "4": 102, "5": 0, "6": 0, "7": 0, "8": 2, "9": 50, "10": 50, "11": 3 }, "b": { "0": [0, 0], "1": [0, 0], "2": [0, 0, 0, 0], "3": [50, 0], "4": [2, 48], "5": [50, 50, 4, 4] }, "_coverageSchema": "1a1c01bbd47fc00a2c39e90264f33305004495a9", "hash": "6b5d335d18fa3c320e4322aaad582c1687d6bd3d" },
    "/Users/apple/Desktop/workspace/rudder-transformer/src/v0/sources/shopify/config.js": { "path": "/Users/apple/Desktop/workspace/rudder-transformer/src/v0/sources/shopify/config.js", "statementMap": { "0": { "start": { "line": 1, "column": 13 }, "end": { "line": 1, "column": 28 } }, "1": { "start": { "line": 2, "column": 11 }, "end": { "line": 2, "column": 24 } }, "2": { "start": { "line": 3, "column": 22 }, "end": { "line": 3, "column": 51 } }, "3": { "start": { "line": 5, "column": 24 }, "end": { "line": 8, "column": 1 } }, "4": { "start": { "line": 11, "column": 20 }, "end": { "line": 16, "column": 1 } }, "5": { "start": { "line": 18, "column": 24 }, "end": { "line": 23, "column": 1 } }, "6": { "start": { "line": 25, "column": 26 }, "end": { "line": 39, "column": 1 } }, "7": { "start": { "line": 41, "column": 28 }, "end": { "line": 43, "column": 1 } }, "8": { "start": { "line": 45, "column": 27 }, "end": { "line": 47, "column": 1 } }, "9": { "start": { "line": 49, "column": 29 }, "end": { "line": 51, "column": 1 } }, "10": { "start": { "line": 53, "column": 21 }, "end": { "line": 53, "column": 30 } }, "11": { "start": { "line": 55, "column": 27 }, "end": { "line": 58, "column": 1 } }, "12": { "start": { "line": 60, "column": 35 }, "end": { "line": 70, "column": 1 } }, "13": { "start": { "line": 72, "column": 41 }, "end": { "line": 81, "column": 1 } }, "14": { "start": { "line": 88, "column": 31 }, "end": { "line": 104, "column": 1 } }, "15": { "start": { "line": 105, "column": 36 }, "end": { "line": 105, "column": 41 } }, "16": { "start": { "line": 106, "column": 25 }, "end": { "line": 106, "column": 69 } }, "17": { "start": { "line": 107, "column": 0 }, "end": { "line": 121, "column": 2 } } }, "fnMap": {}, "branchMap": { "0": { "loc": { "start": { "line": 106, "column": 25 }, "end": { "line": 106, "column": 69 } }, "type": "binary-expr", "locations": [{ "start": { "line": 106, "column": 25 }, "end": { "line": 106, "column": 60 } }, { "start": { "line": 106, "column": 64 }, "end": { "line": 106, "column": 69 } }], "line": 106 } }, "s": { "0": 1, "1": 1, "2": 1, "3": 1, "4": 1, "5": 1, "6": 1, "7": 1, "8": 1, "9": 1, "10": 1, "11": 1, "12": 1, "13": 1, "14": 1, "15": 1, "16": 1, "17": 1 }, "f": {}, "b": { "0": [1, 0] }, "_coverageSchema": "1a1c01bbd47fc00a2c39e90264f33305004495a9", "hash": "fa35977480c87bd0dbbbac4d9133cf1cf6c76fd2" },
    "/Users/apple/Desktop/workspace/rudder-transformer/src/v0/sources/shopify/transform.js": { "path": "/Users/apple/Desktop/workspace/rudder-transformer/src/v0/sources/shopify/transform.js", "statementMap": { "0": { "start": { "line": 1, "column": 10 }, "end": { "line": 1, "column": 27 } }, "1": { "start": { "line": 2, "column": 12 }, "end": { "line": 2, "column": 32 } }, "2": { "start": { "line": 3, "column": 14 }, "end": { "line": 3, "column": 44 } }, "3": { "start": { "line": 12, "column": 4 }, "end": { "line": 12, "column": 21 } }, "4": { "start": { "line": 13, "column": 20 }, "end": { "line": 13, "column": 59 } }, "5": { "start": { "line": 14, "column": 41 }, "end": { "line": 14, "column": 62 } }, "6": { "start": { "line": 15, "column": 16 }, "end": { "line": 15, "column": 37 } }, "7": { "start": { "line": 16, "column": 22 }, "end": { "line": 16, "column": 51 } }, "8": { "start": { "line": 26, "column": 4 }, "end": { "line": 26, "column": 23 } }, "9": { "start": { "line": 27, "column": 32 }, "end": { "line": 27, "column": 64 } }, "10": { "start": { "line": 29, "column": 31 }, "end": { "line": 38, "column": 1 } }, "11": { "start": { "line": 30, "column": 18 }, "end": { "line": 30, "column": 43 } }, "12": { "start": { "line": 31, "column": 2 }, "end": { "line": 31, "column": 43 } }, "13": { "start": { "line": 32, "column": 2 }, "end": { "line": 32, "column": 73 } }, "14": { "start": { "line": 33, "column": 2 }, "end": { "line": 36, "column": 3 } }, "15": { "start": { "line": 35, "column": 4 }, "end": { "line": 35, "column": 67 } }, "16": { "start": { "line": 37, "column": 2 }, "end": { "line": 37, "column": 17 } }, "17": { "start": { "line": 40, "column": 27 }, "end": { "line": 74, "column": 1 } }, "18": { "start": { "line": 41, "column": 18 }, "end": { "line": 41, "column": 43 } }, "19": { "start": { "line": 42, "column": 2 }, "end": { "line": 42, "column": 40 } }, "20": { "start": { "line": 43, "column": 2 }, "end": { "line": 43, "column": 54 } }, "21": { "start": { "line": 45, "column": 19 }, "end": { "line": 45, "column": 54 } }, "22": { "start": { "line": 46, "column": 2 }, "end": { "line": 46, "column": 56 } }, "23": { "start": { "line": 47, "column": 2 }, "end": { "line": 49, "column": 4 } }, "24": { "start": { "line": 48, "column": 4 }, "end": { "line": 48, "column": 61 } }, "25": { "start": { "line": 51, "column": 26 }, "end": { "line": 51, "column": 48 } }, "26": { "start": { "line": 52, "column": 2 }, "end": { "line": 54, "column": 3 } }, "27": { "start": { "line": 53, "column": 4 }, "end": { "line": 53, "column": 85 } }, "28": { "start": { "line": 55, "column": 2 }, "end": { "line": 59, "column": 3 } }, "29": { "start": { "line": 58, "column": 4 }, "end": { "line": 58, "column": 67 } }, "30": { "start": { "line": 60, "column": 2 }, "end": { "line": 62, "column": 3 } }, "31": { "start": { "line": 61, "column": 4 }, "end": { "line": 61, "column": 84 } }, "32": { "start": { "line": 63, "column": 2 }, "end": { "line": 65, "column": 3 } }, "33": { "start": { "line": 64, "column": 4 }, "end": { "line": 64, "column": 74 } }, "34": { "start": { "line": 66, "column": 2 }, "end": { "line": 68, "column": 3 } }, "35": { "start": { "line": 67, "column": 4 }, "end": { "line": 67, "column": 72 } }, "36": { "start": { "line": 69, "column": 2 }, "end": { "line": 71, "column": 3 } }, "37": { "start": { "line": 70, "column": 4 }, "end": { "line": 70, "column": 49 } }, "38": { "start": { "line": 73, "column": 2 }, "end": { "line": 73, "column": 17 } }, "39": { "start": { "line": 76, "column": 28 }, "end": { "line": 116, "column": 1 } }, "40": { "start": { "line": 77, "column": 18 }, "end": { "line": 77, "column": 43 } }, "41": { "start": { "line": 78, "column": 2 }, "end": { "line": 78, "column": 40 } }, "42": { "start": { "line": 79, "column": 2 }, "end": { "line": 79, "column": 56 } }, "43": { "start": { "line": 81, "column": 2 }, "end": { "line": 95, "column": 7 } }, "44": { "start": { "line": 84, "column": 8 }, "end": { "line": 91, "column": 23 } }, "45": { "start": { "line": 94, "column": 6 }, "end": { "line": 94, "column": 59 } }, "46": { "start": { "line": 97, "column": 90 }, "end": { "line": 97, "column": 95 } }, "47": { "start": { "line": 98, "column": 23 }, "end": { "line": 98, "column": 62 } }, "48": { "start": { "line": 99, "column": 2 }, "end": { "line": 99, "column": 59 } }, "49": { "start": { "line": 100, "column": 2 }, "end": { "line": 102, "column": 3 } }, "50": { "start": { "line": 101, "column": 4 }, "end": { "line": 101, "column": 78 } }, "51": { "start": { "line": 104, "column": 2 }, "end": { "line": 106, "column": 3 } }, "52": { "start": { "line": 105, "column": 4 }, "end": { "line": 105, "column": 68 } }, "53": { "start": { "line": 108, "column": 2 }, "end": { "line": 110, "column": 3 } }, "54": { "start": { "line": 109, "column": 4 }, "end": { "line": 109, "column": 66 } }, "55": { "start": { "line": 112, "column": 2 }, "end": { "line": 114, "column": 3 } }, "56": { "start": { "line": 113, "column": 4 }, "end": { "line": 113, "column": 43 } }, "57": { "start": { "line": 115, "column": 2 }, "end": { "line": 115, "column": 17 } }, "58": { "start": { "line": 117, "column": 21 }, "end": { "line": 171, "column": 1 } }, "59": { "start": { "line": 119, "column": 16 }, "end": { "line": 119, "column": 39 } }, "60": { "start": { "line": 120, "column": 23 }, "end": { "line": 120, "column": 45 } }, "61": { "start": { "line": 121, "column": 2 }, "end": { "line": 121, "column": 32 } }, "62": { "start": { "line": 122, "column": 2 }, "end": { "line": 139, "column": 3 } }, "63": { "start": { "line": 125, "column": 6 }, "end": { "line": 125, "column": 46 } }, "64": { "start": { "line": 126, "column": 6 }, "end": { "line": 126, "column": 12 } }, "65": { "start": { "line": 131, "column": 6 }, "end": { "line": 131, "column": 56 } }, "66": { "start": { "line": 132, "column": 6 }, "end": { "line": 132, "column": 12 } }, "67": { "start": { "line": 134, "column": 6 }, "end": { "line": 136, "column": 7 } }, "68": { "start": { "line": 135, "column": 8 }, "end": { "line": 135, "column": 82 } }, "69": { "start": { "line": 137, "column": 6 }, "end": { "line": 137, "column": 57 } }, "70": { "start": { "line": 138, "column": 6 }, "end": { "line": 138, "column": 12 } }, "71": { "start": { "line": 141, "column": 2 }, "end": { "line": 143, "column": 3 } }, "72": { "start": { "line": 142, "column": 4 }, "end": { "line": 142, "column": 44 } }, "73": { "start": { "line": 144, "column": 2 }, "end": { "line": 149, "column": 3 } }, "74": { "start": { "line": 145, "column": 18 }, "end": { "line": 145, "column": 48 } }, "75": { "start": { "line": 146, "column": 4 }, "end": { "line": 148, "column": 5 } }, "76": { "start": { "line": 147, "column": 6 }, "end": { "line": 147, "column": 49 } }, "77": { "start": { "line": 150, "column": 2 }, "end": { "line": 156, "column": 3 } }, "78": { "start": { "line": 151, "column": 4 }, "end": { "line": 155, "column": 5 } }, "79": { "start": { "line": 152, "column": 6 }, "end": { "line": 152, "column": 66 } }, "80": { "start": { "line": 154, "column": 6 }, "end": { "line": 154, "column": 30 } }, "81": { "start": { "line": 157, "column": 2 }, "end": { "line": 157, "column": 60 } }, "82": { "start": { "line": 158, "column": 2 }, "end": { "line": 161, "column": 5 } }, "83": { "start": { "line": 162, "column": 2 }, "end": { "line": 162, "column": 53 } }, "84": { "start": { "line": 164, "column": 2 }, "end": { "line": 164, "column": 62 } }, "85": { "start": { "line": 165, "column": 2 }, "end": { "line": 165, "column": 70 } }, "86": { "start": { "line": 166, "column": 2 }, "end": { "line": 168, "column": 3 } }, "87": { "start": { "line": 167, "column": 4 }, "end": { "line": 167, "column": 60 } }, "88": { "start": { "line": 169, "column": 2 }, "end": { "line": 169, "column": 50 } }, "89": { "start": { "line": 170, "column": 2 }, "end": { "line": 170, "column": 17 } }, "90": { "start": { "line": 172, "column": 26 }, "end": { "line": 177, "column": 1 } }, "91": { "start": { "line": 173, "column": 2 }, "end": { "line": 175, "column": 3 } }, "92": { "start": { "line": 174, "column": 4 }, "end": { "line": 174, "column": 16 } }, "93": { "start": { "line": 176, "column": 2 }, "end": { "line": 176, "column": 15 } }, "94": { "start": { "line": 178, "column": 31 }, "end": { "line": 198, "column": 1 } }, "95": { "start": { "line": 179, "column": 2 }, "end": { "line": 189, "column": 3 } }, "96": { "start": { "line": 180, "column": 25 }, "end": { "line": 180, "column": 35 } }, "97": { "start": { "line": 181, "column": 4 }, "end": { "line": 181, "column": 83 } }, "98": { "start": { "line": 182, "column": 4 }, "end": { "line": 184, "column": 7 } }, "99": { "start": { "line": 185, "column": 4 }, "end": { "line": 188, "column": 7 } }, "100": { "start": { "line": 190, "column": 17 }, "end": { "line": 196, "column": 3 } }, "101": { "start": { "line": 197, "column": 2 }, "end": { "line": 197, "column": 16 } }, "102": { "start": { "line": 199, "column": 16 }, "end": { "line": 209, "column": 1 } }, "103": { "start": { "line": 200, "column": 25 }, "end": { "line": 203, "column": 3 } }, "104": { "start": { "line": 204, "column": 2 }, "end": { "line": 206, "column": 3 } }, "105": { "start": { "line": 205, "column": 4 }, "end": { "line": 205, "column": 57 } }, "106": { "start": { "line": 207, "column": 19 }, "end": { "line": 207, "column": 60 } }, "107": { "start": { "line": 208, "column": 2 }, "end": { "line": 208, "column": 18 } }, "108": { "start": { "line": 211, "column": 0 }, "end": { "line": 211, "column": 26 } } }, "fnMap": { "0": { "name": "(anonymous_0)", "decl": { "start": { "line": 29, "column": 31 }, "end": { "line": 29, "column": 32 } }, "loc": { "start": { "line": 29, "column": 42 }, "end": { "line": 38, "column": 1 } }, "line": 29 }, "1": { "name": "(anonymous_1)", "decl": { "start": { "line": 40, "column": 27 }, "end": { "line": 40, "column": 28 } }, "loc": { "start": { "line": 40, "column": 52 }, "end": { "line": 74, "column": 1 } }, "line": 40 }, "2": { "name": "(anonymous_2)", "decl": { "start": { "line": 47, "column": 34 }, "end": { "line": 47, "column": 35 } }, "loc": { "start": { "line": 48, "column": 4 }, "end": { "line": 48, "column": 61 } }, "line": 48 }, "3": { "name": "(anonymous_3)", "decl": { "start": { "line": 76, "column": 28 }, "end": { "line": 76, "column": 29 } }, "loc": { "start": { "line": 76, "column": 53 }, "end": { "line": 116, "column": 1 } }, "line": 76 }, "4": { "name": "(anonymous_4)", "decl": { "start": { "line": 83, "column": 6 }, "end": { "line": 83, "column": 7 } }, "loc": { "start": { "line": 84, "column": 8 }, "end": { "line": 91, "column": 23 } }, "line": 84 }, "5": { "name": "(anonymous_5)", "decl": { "start": { "line": 93, "column": 13 }, "end": { "line": 93, "column": 14 } }, "loc": { "start": { "line": 93, "column": 22 }, "end": { "line": 95, "column": 5 } }, "line": 93 }, "6": { "name": "(anonymous_6)", "decl": { "start": { "line": 117, "column": 21 }, "end": { "line": 117, "column": 22 } }, "loc": { "start": { "line": 117, "column": 59 }, "end": { "line": 171, "column": 1 } }, "line": 117 }, "7": { "name": "(anonymous_7)", "decl": { "start": { "line": 172, "column": 26 }, "end": { "line": 172, "column": 27 } }, "loc": { "start": { "line": 172, "column": 37 }, "end": { "line": 177, "column": 1 } }, "line": 172 }, "8": { "name": "(anonymous_8)", "decl": { "start": { "line": 178, "column": 31 }, "end": { "line": 178, "column": 32 } }, "loc": { "start": { "line": 178, "column": 64 }, "end": { "line": 198, "column": 1 } }, "line": 178 }, "9": { "name": "(anonymous_9)", "decl": { "start": { "line": 199, "column": 16 }, "end": { "line": 199, "column": 17 } }, "loc": { "start": { "line": 199, "column": 33 }, "end": { "line": 209, "column": 1 } }, "line": 199 } }, "branchMap": { "0": { "loc": { "start": { "line": 33, "column": 2 }, "end": { "line": 36, "column": 3 } }, "type": "if", "locations": [{ "start": { "line": 33, "column": 2 }, "end": { "line": 36, "column": 3 } }, { "start": {}, "end": {} }], "line": 33 }, "1": { "loc": { "start": { "line": 52, "column": 2 }, "end": { "line": 54, "column": 3 } }, "type": "if", "locations": [{ "start": { "line": 52, "column": 2 }, "end": { "line": 54, "column": 3 } }, { "start": {}, "end": {} }], "line": 52 }, "2": { "loc": { "start": { "line": 55, "column": 2 }, "end": { "line": 59, "column": 3 } }, "type": "if", "locations": [{ "start": { "line": 55, "column": 2 }, "end": { "line": 59, "column": 3 } }, { "start": {}, "end": {} }], "line": 55 }, "3": { "loc": { "start": { "line": 60, "column": 2 }, "end": { "line": 62, "column": 3 } }, "type": "if", "locations": [{ "start": { "line": 60, "column": 2 }, "end": { "line": 62, "column": 3 } }, { "start": {}, "end": {} }], "line": 60 }, "4": { "loc": { "start": { "line": 63, "column": 2 }, "end": { "line": 65, "column": 3 } }, "type": "if", "locations": [{ "start": { "line": 63, "column": 2 }, "end": { "line": 65, "column": 3 } }, { "start": {}, "end": {} }], "line": 63 }, "5": { "loc": { "start": { "line": 66, "column": 2 }, "end": { "line": 68, "column": 3 } }, "type": "if", "locations": [{ "start": { "line": 66, "column": 2 }, "end": { "line": 68, "column": 3 } }, { "start": {}, "end": {} }], "line": 66 }, "6": { "loc": { "start": { "line": 69, "column": 2 }, "end": { "line": 71, "column": 3 } }, "type": "if", "locations": [{ "start": { "line": 69, "column": 2 }, "end": { "line": 71, "column": 3 } }, { "start": {}, "end": {} }], "line": 69 }, "7": { "loc": { "start": { "line": 69, "column": 6 }, "end": { "line": 69, "column": 38 } }, "type": "binary-expr", "locations": [{ "start": { "line": 69, "column": 6 }, "end": { "line": 69, "column": 21 } }, { "start": { "line": 69, "column": 25 }, "end": { "line": 69, "column": 38 } }], "line": 69 }, "8": { "loc": { "start": { "line": 100, "column": 2 }, "end": { "line": 102, "column": 3 } }, "type": "if", "locations": [{ "start": { "line": 100, "column": 2 }, "end": { "line": 102, "column": 3 } }, { "start": {}, "end": {} }], "line": 100 }, "9": { "loc": { "start": { "line": 104, "column": 2 }, "end": { "line": 106, "column": 3 } }, "type": "if", "locations": [{ "start": { "line": 104, "column": 2 }, "end": { "line": 106, "column": 3 } }, { "start": {}, "end": {} }], "line": 104 }, "10": { "loc": { "start": { "line": 108, "column": 2 }, "end": { "line": 110, "column": 3 } }, "type": "if", "locations": [{ "start": { "line": 108, "column": 2 }, "end": { "line": 110, "column": 3 } }, { "start": {}, "end": {} }], "line": 108 }, "11": { "loc": { "start": { "line": 112, "column": 2 }, "end": { "line": 114, "column": 3 } }, "type": "if", "locations": [{ "start": { "line": 112, "column": 2 }, "end": { "line": 114, "column": 3 } }, { "start": {}, "end": {} }], "line": 112 }, "12": { "loc": { "start": { "line": 112, "column": 6 }, "end": { "line": 112, "column": 32 } }, "type": "binary-expr", "locations": [{ "start": { "line": 112, "column": 6 }, "end": { "line": 112, "column": 21 } }, { "start": { "line": 112, "column": 25 }, "end": { "line": 112, "column": 32 } }], "line": 112 }, "13": { "loc": { "start": { "line": 122, "column": 2 }, "end": { "line": 139, "column": 3 } }, "type": "switch", "locations": [{ "start": { "line": 123, "column": 4 }, "end": { "line": 123, "column": 42 } }, { "start": { "line": 124, "column": 4 }, "end": { "line": 126, "column": 12 } }, { "start": { "line": 127, "column": 4 }, "end": { "line": 127, "column": 35 } }, { "start": { "line": 128, "column": 4 }, "end": { "line": 128, "column": 35 } }, { "start": { "line": 129, "column": 4 }, "end": { "line": 129, "column": 38 } }, { "start": { "line": 130, "column": 4 }, "end": { "line": 132, "column": 12 } }, { "start": { "line": 133, "column": 4 }, "end": { "line": 138, "column": 12 } }], "line": 122 }, "14": { "loc": { "start": { "line": 134, "column": 6 }, "end": { "line": 136, "column": 7 } }, "type": "if", "locations": [{ "start": { "line": 134, "column": 6 }, "end": { "line": 136, "column": 7 } }, { "start": {}, "end": {} }], "line": 134 }, "15": { "loc": { "start": { "line": 141, "column": 2 }, "end": { "line": 143, "column": 3 } }, "type": "if", "locations": [{ "start": { "line": 141, "column": 2 }, "end": { "line": 143, "column": 3 } }, { "start": {}, "end": {} }], "line": 141 }, "16": { "loc": { "start": { "line": 144, "column": 2 }, "end": { "line": 149, "column": 3 } }, "type": "if", "locations": [{ "start": { "line": 144, "column": 2 }, "end": { "line": 149, "column": 3 } }, { "start": {}, "end": {} }], "line": 144 }, "17": { "loc": { "start": { "line": 146, "column": 4 }, "end": { "line":
[...]
    "/Users/apple/Desktop/workspace/rudder-transformer/src/v0/util/errorTypes/index.js": { "path": "/Users/apple/Desktop/workspace/rudder-transformer/src/v0/util/errorTypes/index.js", "statementMap": { "0": { "start": { "line": 1, "column": 22 }, "end": { "line": 1, "column": 39 } }, "1": { "start": { "line": 2, "column": 28 }, "end": { "line": 2, "column": 60 } }, "2": { "start": { "line": 3, "column": 27 }, "end": { "line": 3, "column": 58 } }, "3": { "start": { "line": 4, "column": 29 }, "end": { "line": 4, "column": 62 } }, "4": { "start": { "line": 5, "column": 22 }, "end": { "line": 5, "column": 48 } }, "5": { "start": { "line": 6, "column": 25 }, "end": { "line": 6, "column": 54 } }, "6": { "start": { "line": 7, "column": 21 }, "end": { "line": 7, "column": 46 } }, "7": { "start": { "line": 8, "column": 23 }, "end": { "line": 8, "column": 50 } }, "8": { "start": { "line": 9, "column": 19 }, "end": { "line": 9, "column": 42 } }, "9": { "start": { "line": 10, "column": 23 }, "end": { "line": 10, "column": 50 } }, "10": { "start": { "line": 11, "column": 30 }, "end": { "line": 11, "column": 64 } }, "11": { "start": { "line": 12, "column": 21 }, "end": { "line": 12, "column": 46 } }, "12": { "start": { "line": 13, "column": 33 }, "end": { "line": 13, "column": 70 } }, "13": { "start": { "line": 14, "column": 26 }, "end": { "line": 14, "column": 56 } }, "14": { "start": { "line": 15, "column": 36 }, "end": { "line": 15, "column": 76 } }, "15": { "start": { "line": 16, "column": 30 }, "end": { "line": 16, "column": 64 } }, "16": { "start": { "line": 18, "column": 0 }, "end": { "line": 35, "column": 2 } } }, "fnMap": {}, "branchMap": {}, "s": { "0": 1, "1": 1, "2": 1, "3": 1, "4": 1, "5": 1, "6": 1, "7": 1, "8": 1, "9": 1, "10": 1, "11": 1, "12": 1, "13": 1, "14": 1, "15": 1, "16": 1 }, "f": {}, "b": {}, "_coverageSchema": "1a1c01bbd47fc00a2c39e90264f33305004495a9", "hash": "edc8c015a7d625e5b8e0a00e6a4190759fb72b8f" },
    "/Users/apple/Desktop/workspace/rudder-transformer/src/v0/util/errorTypes/instrumentationError.js": { "path": "/Users/apple/Desktop/workspace/rudder-transformer/src/v0/util/errorTypes/instrumentationError.js", "statementMap": { "0": { "start": { "line": 1, "column": 13 }, "end": { "line": 1, "column": 31 } }, "1": { "start": { "line": 2, "column": 22 }, "end": { "line": 2, "column": 39 } }, "2": { "start": { "line": 6, "column": 26 }, "end": { "line": 9, "column": 5 } }, "3": { "start": { "line": 11, "column": 4 }, "end": { "line": 11, "column": 39 } }, "4": { "start": { "line": 15, "column": 0 }, "end": { "line": 15, "column": 38 } } }, "fnMap": { "0": { "name": "(anonymous_0)", "decl": { "start": { "line": 5, "column": 2 }, "end": { "line": 5, "column": 3 } }, "loc": { "start": { "line": 5, "column": 23 }, "end": { "line": 12, "column": 3 } }, "line": 5 } }, "branchMap": {}, "s": { "0": 1, "1": 1, "2": 0, "3": 0, "4": 1 }, "f": { "0": 0 }, "b": {}, "_coverageSchema": "1a1c01bbd47fc00a2c39e90264f33305004495a9", "hash": "164f415012101d9caf039eab9eff797e462a3a6b" },
    "/Users/apple/Desktop/workspace/rudder-transformer/src/v0/util/errorTypes/invalidAuthTokenError.js": { "path": "/Users/apple/Desktop/workspace/rudder-transformer/src/v0/util/errorTypes/invalidAuthTokenError.js", "statementMap": { "0": { "start": { "line": 1, "column": 13 }, "end": { "line": 1, "column": 31 } }, "1": { "start": { "line": 2, "column": 22 }, "end": { "line": 2, "column": 39 } }, "2": { "start": { "line": 6, "column": 26 }, "end": { "line": 10, "column": 5 } }, "3": { "start": { "line": 12, "column": 4 }, "end": { "line": 12, "column": 86 } }, "4": { "start": { "line": 16, "column": 0 }, "end": { "line": 16, "column": 39 } } }, "fnMap": { "0": { "name": "(anonymous_0)", "decl": { "start": { "line": 5, "column": 2 }, "end": { "line": 5, "column": 3 } }, "loc": { "start": { "line": 5, "column": 68 }, "end": { "line": 13, "column": 3 } }, "line": 5 } }, "branchMap": { "0": { "loc": { "start": { "line": 12, "column": 19 }, "end": { "line": 12, "column": 36 } }, "type": "binary-expr", "locations": [{ "start": { "line": 12, "column": 19 }, "end": { "line": 12, "column": 29 } }, { "start": { "line": 12, "column": 33 }, "end": { "line": 12, "column": 36 } }], "line": 12 } }, "s": { "0": 1, "1": 1, "2": 0, "3": 0, "4": 1 }, "f": { "0": 0 }, "b": { "0": [0, 0] }, "_coverageSchema": "1a1c01bbd47fc00a2c39e90264f33305004495a9", "hash": "4f577aec3c76408190db05c0ba279f82a4768ea3" },
    "/Users/apple/Desktop/workspace/rudder-transformer/src/v0/util/errorTypes/networkError.js": { "path": "/Users/apple/Desktop/workspace/rudder-transformer/src/v0/util/errorTypes/networkError.js", "statementMap": { "0": { "start": { "line": 1, "column": 13 }, "end": { "line": 1, "column": 31 } }, "1": { "start": { "line": 2, "column": 22 }, "end": { "line": 2, "column": 39 } }, "2": { "start": { "line": 4, "column": 19 }, "end": { "line": 4, "column": 50 } }, "3": { "start": { "line": 5, "column": 18 }, "end": { "line": 5, "column": 46 } }, "4": { "start": { "line": 9, "column": 26 }, "end": { "line": 12, "column": 5 } }, "5": { "start": { "line": 15, "column": 4 }, "end": { "line": 23, "column": 5 } }, "6": { "start": { "line": 16, "column": 6 }, "end": { "line": 18, "column": 7 } }, "7": { "start": { "line": 17, "column": 8 }, "end": { "line": 17, "column": 87 } }, "8": { "start": { "line": 20, "column": 6 }, "end": { "line": 22, "column": 7 } }, "9": { "start": { "line": 21, "column": 8 }, "end": { "line": 21, "column": 75 } }, "10": { "start": { "line": 25, "column": 4 }, "end": { "line": 25, "column": 86 } }, "11": { "start": { "line": 29, "column": 0 }, "end": { "line": 29, "column": 30 } } }, "fnMap": { "0": { "name": "(anonymous_0)", "decl": { "start": { "line": 8, "column": 2 }, "end": { "line": 8, "column": 3 } }, "loc": { "start": { "line": 8, "column": 78 }, "end": { "line": 26, "column": 3 } }, "line": 8 } }, "branchMap": { "0": { "loc": { "start": { "line": 15, "column": 4 }, "end": { "line": 23, "column": 5 } }, "type": "if", "locations": [{ "start": { "line": 15, "column": 4 }, "end": { "line": 23, "column": 5 } }, { "start": {}, "end": {} }], "line": 15 }, "1": { "loc": { "start": { "line": 15, "column": 8 }, "end": { "line": 15, "column": 76 } }, "type": "binary-expr", "locations": [{ "start": { "line": 15, "column": 8 }, "end": { "line": 15, "column": 16 } }, { "start": { "line": 15, "column": 20 }, "end": { "line": 15, "column": 48 } }, { "start": { "line": 15, "column": 52 }, "end": { "line": 15, "column": 76 } }], "line": 15 }, "2": { "loc": { "start": { "line": 16, "column": 6 }, "end": { "line": 18, "column": 7 } }, "type": "if", "locations": [{ "start": { "line": 16, "column": 6 }, "end": { "line": 18, "column": 7 } }, { "start": {}, "end": {} }], "line": 16 }, "3": { "loc": { "start": { "line": 20, "column": 6 }, "end": { "line": 22, "column": 7 } }, "type": "if", "locations": [{ "start": { "line": 20, "column": 6 }, "end": { "line": 22, "column": 7 } }, { "start": {}, "end": {} }], "line": 20 }, "4": { "loc": { "start": { "line": 25, "column": 19 }, "end": { "line": 25, "column": 36 } }, "type": "binary-expr", "locations": [{ "start": { "line": 25, "column": 19 }, "end": { "line": 25, "column": 29 } }, { "start": { "line": 25, "column": 33 }, "end": { "line": 25, "column": 36 } }], "line": 25 } }, "s": { "0": 1, "1": 1, "2": 1, "3": 1, "4": 0, "5": 0, "6": 0, "7": 0, "8": 0, "9": 0, "10": 0, "11": 1 }, "f": { "0": 0 }, "b": { "0": [0, 0], "1": [0, 0, 0], "2": [0, 0], "3": [0, 0], "4": [0, 0] }, "_coverageSchema": "1a1c01bbd47fc00a2c39e90264f33305004495a9", "hash": "1dead56b0358db340634f022be36d2ce9e93f701" },
    "/Users/apple/Desktop/workspace/rudder-transformer/src/v0/util/errorTypes/networkInstrumentationError.js": { "path": "/Users/apple/Desktop/workspace/rudder-transformer/src/v0/util/errorTypes/networkInstrumentationError.js", "statementMap": { "0": { "start": { "line": 1, "column": 13 }, "end": { "line": 1, "column": 31 } }, "1": { "start": { "line": 2, "column": 22 }, "end": { "line": 2, "column": 39 } }, "2": { "start": { "line": 6, "column": 26 }, "end": { "line": 10, "column": 5 } }, "3": { "start": { "line": 12, "column": 4 }, "end": { "line": 12, "column": 53 } }, "4": { "start": { "line": 16, "column": 0 }, "end": { "line": 16, "column": 45 } } }, "fnMap": { "0": { "name": "(anonymous_0)", "decl": { "start": { "line": 5, "column": 2 }, "end": { "line": 5, "column": 3 } }, "loc": { "start": { "line": 5, "column": 37 }, "end": { "line": 13, "column": 3 } }, "line": 5 } }, "branchMap": {}, "s": { "0": 1, "1": 1, "2": 0, "3": 0, "4": 1 }, "f": { "0": 0 }, "b": {}, "_coverageSchema": "1a1c01bbd47fc00a2c39e90264f33305004495a9", "hash": "e11283fa7868a4ccd86b4aaae8653372f10ff8a1" },
    "/Users/apple/Desktop/workspace/rudder-transformer/src/v0/util/errorTypes/oAuthSecretError.js": { "path": "/Users/apple/Desktop/workspace/rudder-transformer/src/v0/util/errorTypes/oAuthSecretError.js", "statementMap": { "0": { "start": { "line": 1, "column": 13 }, "end": { "line": 1, "column": 31 } }, "1": { "start": { "line": 2, "column": 22 }, "end": { "line": 2, "column": 39 } }, "2": { "start": { "line": 6, "column": 26 }, "end": { "line": 9, "column": 5 } }, "3": { "start": { "line": 11, "column": 4 }, "end": { "line": 11, "column": 39 } }, "4": { "start": { "line": 15, "column": 0 }, "end": { "line": 15, "column": 34 } } }, "fnMap": { "0": { "name": "(anonymous_0)", "decl": { "start": { "line": 5, "column": 2 }, "end": { "line": 5, "column": 3 } }, "loc": { "start": { "line": 5, "column": 23 }, "end": { "line": 12, "column": 3 } }, "line": 5 } }, "branchMap": {}, "s": { "0": 1, "1": 1, "2": 0, "3": 0, "4": 1 }, "f": { "0": 0 }, "b": {}, "_coverageSchema": "1a1c01bbd47fc00a2c39e90264f33305004495a9", "hash": "d2578962c96e0c698f5bbc73f61ca831bdb4db63" },
    "/Users/apple/Desktop/workspace/rudder-transformer/src/v0/util/errorTypes/platformError.js": { "path": "/Users/apple/Desktop/workspace/rudder-transformer/src/v0/util/errorTypes/platformError.js", "statementMap": { "0": { "start": { "line": 1, "column": 13 }, "end": { "line": 1, "column": 31 } }, "1": { "start": { "line": 2, "column": 22 }, "end": { "line": 2, "column": 39 } }, "2": { "start": { "line": 6, "column": 26 }, "end": { "line": 8, "column": 5 } }, "3": { "start": { "line": 10, "column": 4 }, "end": { "line": 10, "column": 39 } }, "4": { "start": { "line": 14, "column": 0 }, "end": { "line": 14, "column": 31 } } }, "fnMap": { "0": { "name": "(anonymous_0)", "decl": { "start": { "line": 5, "column": 2 }, "end": { "line": 5, "column": 3 } }, "loc": { "start": { "line": 5, "column": 23 }, "end": { "line": 11, "column": 3 } }, "line": 5 } }, "branchMap": {}, "s": { "0": 1, "1": 1, "2": 0, "3": 0, "4": 1 }, "f": { "0": 0 }, "b": {}, "_coverageSchema": "1a1c01bbd47fc00a2c39e90264f33305004495a9", "hash": "7e90b743cdf17c0a36ffc85dfbb995b6be24c646" },
    "/Users/apple/Desktop/workspace/rudder-transformer/src/v0/util/errorTypes/redisError.js": { "path": "/Users/apple/Desktop/workspace/rudder-transformer/src/v0/util/errorTypes/redisError.js", "statementMap": { "0": { "start": { "line": 1, "column": 13 }, "end": { "line": 1, "column": 31 } }, "1": { "start": { "line": 2, "column": 22 }, "end": { "line": 2, "column": 39 } }, "2": { "start": { "line": 6, "column": 30 }, "end": { "line": 9, "column": 9 } }, "3": { "start": { "line": 11, "column": 8 }, "end": { "line": 11, "column": 57 } }, "4": { "start": { "line": 15, "column": 0 }, "end": { "line": 15, "column": 28 } } }, "fnMap": { "0": { "name": "(anonymous_0)", "decl": { "start": { "line": 5, "column": 4 }, "end": { "line": 5, "column": 5 } }, "loc": { "start": { "line": 5, "column": 37 }, "end": { "line": 12, "column": 5 } }, "line": 5 } }, "branchMap": { "0": { "loc": { "start": { "line": 11, "column": 23 }, "end": { "line": 11, "column": 40 } }, "type": "binary-expr", "locations": [{ "start": { "line": 11, "column": 23 }, "end": { "line": 11, "column": 33 } }, { "start": { "line": 11, "column": 37 }, "end": { "line": 11, "column": 40 } }], "line": 11 } }, "s": { "0": 1, "1": 1, "2": 2, "3": 2, "4": 1 }, "f": { "0": 2 }, "b": { "0": [2, 2] }, "_coverageSchema": "1a1c01bbd47fc00a2c39e90264f33305004495a9", "hash": "011e62084344f3e160e901bb8d1ed1de007223d4" },
    "/Users/apple/Desktop/workspace/rudder-transformer/src/v0/util/errorTypes/retryableError.js": { "path": "/Users/apple/Desktop/workspace/rudder-transformer/src/v0/util/errorTypes/retryableError.js", "statementMap": { "0": { "start": { "line": 1, "column": 13 }, "end": { "line": 1, "column": 31 } }, "1": { "start": { "line": 2, "column": 22 }, "end": { "line": 2, "column": 39 } }, "2": { "start": { "line": 6, "column": 26 }, "end": { "line": 9, "column": 5 } }, "3": { "start": { "line": 11, "column": 4 }, "end": { "line": 11, "column": 86 } }, "4": { "start": { "line": 15, "column": 0 }, "end": { "line": 15, "column": 32 } } }, "fnMap": { "0": { "name": "(anonymous_0)", "decl": { "start": { "line": 5, "column": 2 }, "end": { "line": 5, "column": 3 } }, "loc": { "start": { "line": 5, "column": 68 }, "end": { "line": 12, "column": 3 } }, "line": 5 } }, "branchMap": { "0": { "loc": { "start": { "line": 11, "column": 19 }, "end": { "line": 11, "column": 36 } }, "type": "binary-expr", "locations": [{ "start": { "line": 11, "column": 19 }, "end": { "line": 11, "column": 29 } }, { "start": { "line": 11, "column": 33 }, "end": { "line": 11, "column": 36 } }], "line": 11 } }, "s": { "0": 1, "1": 1, "2": 0, "3": 0, "4": 1 }, "f": { "0": 0 }, "b": { "0": [0, 0] }, "_coverageSchema": "1a1c01bbd47fc00a2c39e90264f33305004495a9", "hash": "bb0caf686d7a2d6423c1e26212fe71311d90ebaa" },
    "/Users/apple/Desktop/workspace/rudder-transformer/src/v0/util/errorTypes/throttledError.js": { "path": "/Users/apple/Desktop/workspace/rudder-transformer/src/v0/util/errorTypes/throttledError.js", "statementMap": { "0": { "start": { "line": 1, "column": 13 }, "end": { "line": 1, "column": 31 } }, "1": { "start": { "line": 2, "column": 22 }, "end": { "line": 2, "column": 39 } }, "2": { "start": { "line": 6, "column": 26 }, "end": { "line": 9, "column": 5 } }, "3": { "start": { "line": 11, "column": 4 }, "end": { "line": 11, "column": 53 } }, "4": { "start": { "line": 15, "column": 0 }, "end": { "line": 15, "column": 32 } } }, "fnMap": { "0": { "name": "(anonymous_0)", "decl": { "start": { "line": 5, "column": 2 }, "end": { "line": 5, "column": 3 } }, "loc": { "start": { "line": 5, "column": 37 }, "end": { "line": 12, "column": 3 } }, "line": 5 } }, "branchMap": {}, "s": { "0": 1, "1": 1, "2": 0, "3": 0, "4": 1 }, "f": { "0": 0 }, "b": {}, "_coverageSchema": "1a1c01bbd47fc00a2c39e90264f33305004495a9", "hash": "d54cbbdc2e702d20913fc349fd7a58bca144fd5a" },
    "/Users/apple/Desktop/workspace/rudder-transformer/src/v0/util/errorTypes/transformationError.js": { "path": "/Users/apple/Desktop/workspace/rudder-transformer/src/v0/util/errorTypes/transformationError.js", "statementMap": { "0": { "start": { "line": 1, "column": 13 }, "end": { "line": 1, "column": 31 } }, "1": { "start": { "line": 2, "column": 22 }, "end": { "line": 2, "column": 39 } }, "2": { "start": { "line": 6, "column": 26 }, "end": { "line": 8, "column": 5 } }, "3": { "start": { "line": 10, "column": 4 }, "end": { "line": 10, "column": 86 } }, "4": { "start": { "line": 14, "column": 0 }, "end": { "line": 14, "column": 37 } } }, "fnMap": { "0": { "name": "(anonymous_0)", "decl": { "start": { "line": 5, "column": 2 }, "end": { "line": 5, "column": 3 } }, "loc": { "start": { "line": 5, "column": 68 }, "end": { "line": 11, "column": 3 } }, "line": 5 } }, "branchMap": { "0": { "loc": { "start": { "line": 10, "column": 19 }, "end": { "line": 10, "column": 36 } }, "type": "binary-expr", "locations": [{ "start": { "line": 10, "column": 19 }, "end": { "line": 10, "column": 29 } }, { "start": { "line": 10, "column": 33 }, "end": { "line": 10, "column": 36 } }], "line": 10 } }, "s": { "0": 1, "1": 1, "2": 0, "3": 0, "4": 1 }, "f": { "0": 0 }, "b": { "0": [0, 0] }, "_coverageSchema": "1a1c01bbd47fc00a2c39e90264f33305004495a9", "hash": "65ba53f2b5df211efbedd9a344464c4507c323da" },
    "/Users/apple/Desktop/workspace/rudder-transformer/src/v0/util/errorTypes/unauthorizedError.js": { "path": "/Users/apple/Desktop/workspace/rudder-transformer/src/v0/util/errorTypes/unauthorizedError.js", "statementMap": { "0": { "start": { "line": 1, "column": 13 }, "end": { "line": 1, "column": 31 } }, "1": { "start": { "line": 2, "column": 22 }, "end": { "line": 2, "column": 39 } }, "2": { "start": { "line": 6, "column": 26 }, "end": { "line": 10, "column": 5 } }, "3": { "start": { "line": 12, "column": 4 }, "end": { "line": 12, "column": 86 } }, "4": { "start": { "line": 16, "column": 0 }, "end": { "line": 16, "column": 35 } } }, "fnMap": { "0": { "name": "(anonymous_0)", "decl": { "start": { "line": 5, "column": 2 }, "end": { "line": 5, "column": 3 } }, "loc": { "start": { "line": 5, "column": 68 }, "end": { "line": 13, "column": 3 } }, "line": 5 } }, "branchMap": { "0": { "loc": { "start": { "line": 12, "column": 19 }, "end": { "line": 12, "column": 36 } }, "type": "binary-expr", "locations": [{ "start": { "line": 12, "column": 19 }, "end": { "line": 12, "column": 29 } }, { "start": { "line": 12, "column": 33 }, "end": { "line": 12, "column": 36 } }], "line": 12 } }, "s": { "0": 1, "1": 1, "2": 0, "3": 0, "4": 1 }, "f": { "0": 0 }, "b": { "0": [0, 0] }, "_coverageSchema": "1a1c01bbd47fc00a2c39e90264f33305004495a9", "hash": "eb593be6da678b0a7302de345d957195926d37e4" },
    "/Users/apple/Desktop/workspace/rudder-transformer/src/v0/util/errorTypes/unhandledStatusCodeError.js": { "path": "/Users/apple/Desktop/workspace/rudder-transformer/src/v0/util/errorTypes/unhandledStatusCodeError.js", "statementMap": { "0": { "start": { "line": 1, "column": 13 }, "end": { "line": 1, "column": 31 } }, "1": { "start": { "line": 2, "column": 22 }, "end": { "line": 2, "column": 39 } }, "2": { "start": { "line": 6, "column": 26 }, "end": { "line": 10, "column": 5 } }, "3": { "start": { "line": 12, "column": 4 }, "end": { "line": 12, "column": 53 } }, "4": { "start": { "line": 16, "column": 0 }, "end": { "line": 16, "column": 42 } } }, "fnMap": { "0": { "name": "(anonymous_0)", "decl": { "start": { "line": 5, "column": 2 }, "end": { "line": 5, "column": 3 } }, "loc": { "start": { "line": 5, "column": 37 }, "end": { "line": 13, "column": 3 } }, "line": 5 } }, "branchMap": {}, "s": { "0": 1, "1": 1, "2": 0, "3": 0, "4": 1 }, "f": { "0": 0 }, "b": {}, "_coverageSchema": "1a1c01bbd47fc00a2c39e90264f33305004495a9", "hash": "62e2fba4dc54daf04c03f6cd8073316d9b3289cc" },
    "/Users/apple/Desktop/workspace/rudder-transformer/src/v0/util/errorTypes/unsupportedEventError.js": { "path": "/Users/apple/Desktop/workspace/rudder-transformer/src/v0/util/errorTypes/unsupportedEventError.js", "statementMap": { "0": { "start": { "line": 1, "column": 13 }, "end": { "line": 1, "column": 31 } }, "1": { "start": { "line": 2, "column": 22 }, "end": { "line": 2, "column": 39 } }, "2": { "start": { "line": 6, "column": 26 }, "end": { "line": 9, "column": 5 } }, "3": { "start": { "line": 10, "column": 4 }, "end": { "line": 10, "column": 39 } }, "4": { "start": { "line": 14, "column": 0 }, "end": { "line": 14, "column": 39 } } }, "fnMap": { "0": { "name": "(anonymous_0)", "decl": { "start": { "line": 5, "column": 2 }, "end": { "line": 5, "column": 3 } }, "loc": { "start": { "line": 5, "column": 23 }, "end": { "line": 11, "column": 3 } }, "line": 5 } }, "branchMap": {}, "s": { "0": 1, "1": 1, "2": 0, "3": 0, "4": 1 }, "f": { "0": 0 }, "b": {}, "_coverageSchema": "1a1c01bbd47fc00a2c39e90264f33305004495a9", "hash": "ece5ac695247cb0cf5f0d3e4a0fe4cc19b9231f3" }
}
